TN:
SF:packages/components/index.ts
FNF:0
FNH:0
LF:0
LH:0
BRF:0
BRH:0
end_of_record
TN:
SF:packages/components/index.tsx
FNF:0
FNH:0
LF:0
LH:0
BRF:0
BRH:0
end_of_record
TN:
SF:packages/components/cards/grid-product-card.tsx
FN:40,(anonymous_0)
FNF:1
FNH:0
FNDA:0,(anonymous_0)
DA:40,0
DA:41,0
LF:2
LH:0
BRF:0
BRH:0
end_of_record
TN:
SF:packages/components/cards/product-card.tsx
FN:40,(anonymous_0)
FNF:1
FNH:0
FNDA:0,(anonymous_0)
DA:40,0
DA:41,0
LF:2
LH:0
BRF:0
BRH:0
end_of_record
TN:
SF:packages/components/cards/simple-card.tsx
FN:27,(anonymous_0)
FNF:1
FNH:0
FNDA:0,(anonymous_0)
DA:1,0
DA:27,0
DA:28,0
LF:3
LH:0
BRDA:33,0,0,0
BRDA:33,0,1,0
BRDA:36,1,0,0
BRDA:36,1,1,0
BRF:4
BRH:0
end_of_record
TN:
SF:packages/components/data-display/country.tsx
FN:53,(anonymous_0)
FN:54,(anonymous_1)
FNF:2
FNH:0
FNDA:0,(anonymous_0)
FNDA:0,(anonymous_1)
DA:1,0
DA:11,0
DA:24,0
DA:53,0
DA:54,0
DA:56,0
DA:57,0
DA:66,0
LF:8
LH:0
BRDA:54,0,0,0
BRDA:54,0,1,0
BRDA:56,1,0,0
BRDA:56,1,1,0
BRF:4
BRH:0
end_of_record
TN:
SF:packages/components/data-display/data-list.tsx
FN:23,(anonymous_0)
FN:52,(anonymous_1)
FNF:2
FNH:0
FNDA:0,(anonymous_0)
FNDA:0,(anonymous_1)
DA:1,0
DA:23,0
DA:24,0
DA:52,0
DA:53,0
LF:5
LH:0
BRDA:52,0,0,0
BRF:1
BRH:0
end_of_record
TN:
SF:packages/components/data-display/date-tooltip.tsx
FN:23,(anonymous_0)
FNF:1
FNH:0
FNDA:0,(anonymous_0)
DA:1,0
DA:23,0
DA:24,0
LF:3
LH:0
BRF:0
BRH:0
end_of_record
TN:
SF:packages/components/data-display/date.tsx
FN:53,(anonymous_0)
FN:61,(anonymous_1)
FN:78,(anonymous_2)
FN:89,(anonymous_3)
FN:93,(anonymous_4)
FN:97,(anonymous_5)
FN:102,(anonymous_6)
FN:121,(anonymous_7)
FNF:8
FNH:0
FNDA:0,(anonymous_0)
FNDA:0,(anonymous_1)
FNDA:0,(anonymous_2)
FNDA:0,(anonymous_3)
FNDA:0,(anonymous_4)
FNDA:0,(anonymous_5)
FNDA:0,(anonymous_6)
FNDA:0,(anonymous_7)
DA:1,0
DA:53,0
DA:61,0
DA:62,0
DA:63,0
DA:64,0
DA:65,0
DA:66,0
DA:68,0
DA:69,0
DA:70,0
DA:72,0
DA:74,0
DA:78,0
DA:79,0
DA:80,0
DA:81,0
DA:82,0
DA:83,0
DA:84,0
DA:85,0
DA:86,0
DA:89,0
DA:90,0
DA:93,0
DA:94,0
DA:97,0
DA:98,0
DA:99,0
DA:102,0
DA:104,0
DA:105,0
DA:106,0
DA:107,0
DA:108,0
DA:109,0
DA:111,0
DA:112,0
DA:113,0
DA:115,0
DA:116,0
DA:121,0
DA:123,0
DA:124,0
DA:126,0
DA:128,0
DA:130,0
DA:132,0
DA:134,0
DA:136,0
DA:138,0
DA:140,0
DA:142,0
DA:148,0
DA:149,0
DA:152,0
DA:153,0
DA:154,0
DA:155,0
DA:157,0
LF:60
LH:0
BRDA:55,0,0,0
BRDA:56,1,0,0
BRDA:57,2,0,0
BRDA:58,3,0,0
BRDA:63,4,0,0
BRDA:63,4,1,0
BRDA:63,5,0,0
BRDA:63,5,1,0
BRDA:64,6,0,0
BRDA:64,6,1,0
BRDA:66,7,0,0
BRDA:66,7,1,0
BRDA:68,8,0,0
BRDA:68,8,1,0
BRDA:70,9,0,0
BRDA:70,9,1,0
BRDA:80,10,0,0
BRDA:80,10,1,0
BRDA:81,11,0,0
BRDA:81,11,1,0
BRDA:82,12,0,0
BRDA:82,12,1,0
BRDA:83,13,0,0
BRDA:83,13,1,0
BRDA:84,14,0,0
BRDA:84,14,1,0
BRDA:85,15,0,0
BRDA:85,15,1,0
BRDA:89,16,0,0
BRDA:90,17,0,0
BRDA:90,17,1,0
BRDA:93,18,0,0
BRDA:94,19,0,0
BRDA:94,19,1,0
BRDA:99,20,0,0
BRDA:99,20,1,0
BRDA:104,21,0,0
BRDA:104,21,1,0
BRDA:104,22,0,0
BRDA:104,22,1,0
BRDA:105,23,0,0
BRDA:105,23,1,0
BRDA:105,24,0,0
BRDA:105,24,1,0
BRDA:106,25,0,0
BRDA:106,25,1,0
BRDA:106,26,0,0
BRDA:106,26,1,0
BRDA:107,27,0,0
BRDA:107,27,1,0
BRDA:109,28,0,0
BRDA:109,28,1,0
BRDA:111,29,0,0
BRDA:111,29,1,0
BRDA:113,30,0,0
BRDA:113,30,1,0
BRDA:115,31,0,0
BRDA:115,31,1,0
BRDA:115,32,0,0
BRDA:115,32,1,0
BRDA:116,33,0,0
BRDA:116,33,1,0
BRDA:123,34,0,0
BRDA:123,34,1,0
BRDA:124,35,0,0
BRDA:124,35,1,0
BRDA:124,35,2,0
BRDA:124,35,3,0
BRDA:124,35,4,0
BRDA:124,35,5,0
BRDA:124,35,6,0
BRDA:124,35,7,0
BRDA:124,35,8,0
BRDA:148,36,0,0
BRDA:148,36,1,0
BRDA:153,37,0,0
BRDA:153,37,1,0
BRDA:154,38,0,0
BRDA:154,38,1,0
BRDA:155,39,0,0
BRDA:155,39,1,0
BRF:81
BRH:0
end_of_record
TN:
SF:packages/components/data-display/empty.tsx
FN:24,(anonymous_0)
FNF:1
FNH:0
FNDA:0,(anonymous_0)
DA:1,0
DA:24,0
DA:25,0
LF:3
LH:0
BRDA:24,0,0,0
BRF:1
BRH:0
end_of_record
TN:
SF:packages/components/data-display/name.tsx
FN:21,(anonymous_0)
FNF:1
FNH:0
FNDA:0,(anonymous_0)
DA:1,0
DA:21,0
DA:22,0
LF:3
LH:0
BRF:0
BRH:0
end_of_record
TN:
SF:packages/components/data-display/phone-number.tsx
FN:20,(anonymous_0)
FNF:1
FNH:0
FNDA:0,(anonymous_0)
DA:1,0
DA:20,0
DA:21,0
LF:3
LH:0
BRF:0
BRH:0
end_of_record
TN:
SF:packages/components/data-display/role-badge.tsx
FN:39,(anonymous_0)
FNF:1
FNH:0
FNDA:0,(anonymous_0)
DA:1,0
DA:7,0
DA:15,0
DA:39,0
DA:40,0
LF:5
LH:0
BRF:0
BRH:0
end_of_record
TN:
SF:packages/components/data-display/statistic.tsx
FN:61,(anonymous_0)
FN:75,(anonymous_1)
FN:90,(anonymous_2)
FN:103,(anonymous_3)
FN:114,(anonymous_4)
FN:129,(anonymous_5)
FNF:6
FNH:0
FNDA:0,(anonymous_0)
FNDA:0,(anonymous_1)
FNDA:0,(anonymous_2)
FNDA:0,(anonymous_3)
FNDA:0,(anonymous_4)
FNDA:0,(anonymous_5)
DA:1,0
DA:7,0
DA:61,0
DA:75,0
DA:77,0
DA:78,0
DA:80,0
DA:82,0
DA:84,0
DA:90,0
DA:91,0
DA:92,0
DA:93,0
DA:94,0
DA:95,0
DA:97,0
DA:100,0
DA:103,0
DA:105,0
DA:106,0
DA:107,0
DA:109,0
DA:114,0
DA:115,0
DA:116,0
DA:117,0
DA:119,0
DA:120,0
DA:121,0
DA:122,0
DA:123,0
DA:124,0
DA:126,0
DA:129,0
DA:130,0
DA:131,0
DA:134,0
DA:143,0
LF:38
LH:0
BRDA:63,0,0,0
BRDA:64,1,0,0
BRDA:68,2,0,0
BRDA:69,3,0,0
BRDA:70,4,0,0
BRDA:71,5,0,0
BRDA:78,6,0,0
BRDA:78,6,1,0
BRDA:78,6,2,0
BRDA:92,7,0,0
BRDA:92,7,1,0
BRDA:92,8,0,0
BRDA:92,8,1,0
BRDA:93,9,0,0
BRDA:93,9,1,0
BRDA:106,10,0,0
BRDA:106,10,1,0
BRDA:106,11,0,0
BRDA:106,11,1,0
BRDA:115,12,0,0
BRDA:115,12,1,0
BRDA:116,13,0,0
BRDA:116,13,1,0
BRDA:116,14,0,0
BRDA:116,14,1,0
BRDA:119,15,0,0
BRDA:119,15,1,0
BRDA:121,16,0,0
BRDA:121,16,1,0
BRDA:123,17,0,0
BRDA:123,17,1,0
BRDA:123,18,0,0
BRDA:123,18,1,0
BRDA:130,19,0,0
BRDA:130,19,1,0
BRDA:130,20,0,0
BRDA:130,20,1,0
BRDA:136,21,0,0
BRDA:136,21,1,0
BRDA:138,22,0,0
BRDA:138,22,1,0
BRF:41
BRH:0
end_of_record
TN:
SF:packages/components/data-display/user.tsx
FN:30,(anonymous_0)
FNF:1
FNH:0
FNDA:0,(anonymous_0)
DA:1,0
DA:30,0
DA:31,0
LF:3
LH:0
BRF:0
BRH:0
end_of_record
TN:
SF:packages/components/dialogs/confirm-dialog.tsx
FN:164,(anonymous_0)
FN:175,(anonymous_1)
FNF:2
FNH:0
FNDA:0,(anonymous_0)
FNDA:0,(anonymous_1)
DA:1,0
DA:164,0
DA:175,0
DA:177,0
DA:178,0
DA:179,0
DA:184,0
LF:7
LH:0
BRDA:166,0,0,0
BRDA:169,1,0,0
BRDA:170,2,0,0
BRDA:197,3,0,0
BRDA:197,3,1,0
BRF:5
BRH:0
end_of_record
TN:
SF:packages/components/dialogs/error-dialog.tsx
FN:30,(anonymous_0)
FN:31,(anonymous_1)
FNF:2
FNH:0
FNDA:0,(anonymous_0)
FNDA:0,(anonymous_1)
DA:1,0
DA:30,0
DA:31,0
DA:32,0
DA:35,0
LF:5
LH:0
BRDA:41,0,0,0
BRDA:41,0,1,0
BRF:2
BRH:0
end_of_record
TN:
SF:packages/components/dialogs/loading-dialog.tsx
FN:22,(anonymous_0)
FNF:1
FNH:0
FNDA:0,(anonymous_0)
DA:1,0
DA:22,0
DA:23,0
LF:3
LH:0
BRF:0
BRH:0
end_of_record
TN:
SF:packages/components/dialogs/detail-dialog/index.tsx
FN:68,(anonymous_0)
FN:71,(anonymous_1)
FNF:2
FNH:0
FNDA:0,(anonymous_0)
FNDA:0,(anonymous_1)
DA:1,0
DA:68,0
DA:69,0
DA:71,0
DA:72,0
DA:73,0
DA:76,0
LF:7
LH:0
BRDA:69,0,0,0
BRDA:69,0,1,0
BRDA:110,1,0,0
BRDA:110,1,1,0
BRDA:127,2,0,0
BRDA:127,2,1,0
BRDA:129,3,0,0
BRDA:129,3,1,0
BRDA:137,4,0,0
BRDA:137,4,1,0
BRF:10
BRH:0
end_of_record
TN:
SF:packages/components/dialogs/detail-dialog/components/sidebar.tsx
FN:45,useSidebar
FN:65,SidebarProvider
FN:86,(anonymous_2)
FN:100,(anonymous_3)
FN:101,(anonymous_4)
FN:101,(anonymous_5)
FN:104,(anonymous_6)
FN:105,(anonymous_7)
FN:112,(anonymous_8)
FN:117,(anonymous_9)
FN:150,Sidebar
FN:259,DetailDialogSidebarTrigger
FN:270,(anonymous_12)
FN:282,DetailDialogSidebarRail
FN:311,SidebarInset
FN:327,DetailDialogSidebarHeader
FN:331,DetailDialogSidebarFooter
FN:345,DetailDialogSidebarSeparator
FN:349,DetailDialogSidebarContent
FN:360,DetailDialogSidebarGroup
FN:364,DetailDialogSidebarGroupLabel
FN:381,DetailDialogSidebarGroupAction
FN:402,DetailDialogSidebarGroupContent
FN:406,DetailDialogSidebarMenu
FN:410,DetailDialogSidebarMenuItem
FN:452,DetailDialogSidebarMenuButton
FN:493,DetailDialogSidebarMenuAction
FN:532,DetailDialogSidebarMenuBadge
FN:551,DetailDialogSidebarMenuSkeleton
FN:552,(anonymous_29)
FN:565,DetailDialogSidebarMenuSub
FN:580,DetailDialogSidebarMenuSubItem
FN:584,DetailDialogSidebarMenuSubButton
FNF:33
FNH:0
FNDA:0,useSidebar
FNDA:0,SidebarProvider
FNDA:0,(anonymous_2)
FNDA:0,(anonymous_3)
FNDA:0,(anonymous_4)
FNDA:0,(anonymous_5)
FNDA:0,(anonymous_6)
FNDA:0,(anonymous_7)
FNDA:0,(anonymous_8)
FNDA:0,(anonymous_9)
FNDA:0,Sidebar
FNDA:0,DetailDialogSidebarTrigger
FNDA:0,(anonymous_12)
FNDA:0,DetailDialogSidebarRail
FNDA:0,SidebarInset
FNDA:0,DetailDialogSidebarHeader
FNDA:0,DetailDialogSidebarFooter
FNDA:0,DetailDialogSidebarSeparator
FNDA:0,DetailDialogSidebarContent
FNDA:0,DetailDialogSidebarGroup
FNDA:0,DetailDialogSidebarGroupLabel
FNDA:0,DetailDialogSidebarGroupAction
FNDA:0,DetailDialogSidebarGroupContent
FNDA:0,DetailDialogSidebarMenu
FNDA:0,DetailDialogSidebarMenuItem
FNDA:0,DetailDialogSidebarMenuButton
FNDA:0,DetailDialogSidebarMenuAction
FNDA:0,DetailDialogSidebarMenuBadge
FNDA:0,DetailDialogSidebarMenuSkeleton
FNDA:0,(anonymous_29)
FNDA:0,DetailDialogSidebarMenuSub
FNDA:0,DetailDialogSidebarMenuSubItem
FNDA:0,DetailDialogSidebarMenuSubButton
DA:1,0
DA:19,0
DA:20,0
DA:21,0
DA:22,0
DA:23,0
DA:24,0
DA:43,0
DA:46,0
DA:47,0
DA:48,0
DA:50,0
DA:81,0
DA:82,0
DA:84,0
DA:85,0
DA:86,0
DA:88,0
DA:89,0
DA:90,0
DA:92,0
DA:95,0
DA:100,0
DA:101,0
DA:104,0
DA:105,0
DA:106,0
DA:107,0
DA:108,0
DA:111,0
DA:112,0
DA:115,0
DA:117,0
DA:118,0
DA:122,0
DA:165,0
DA:167,0
DA:168,0
DA:175,0
DA:176,0
DA:196,0
DA:260,0
DA:262,0
DA:271,0
DA:272,0
DA:283,0
DA:285,0
DA:312,0
DA:328,0
DA:332,0
DA:333,0
DA:346,0
DA:350,0
DA:361,0
DA:365,0
DA:366,0
DA:382,0
DA:383,0
DA:403,0
DA:407,0
DA:411,0
DA:414,0
DA:465,0
DA:466,0
DA:469,0
DA:479,0
DA:481,0
DA:482,0
DA:485,0
DA:502,0
DA:503,0
DA:533,0
DA:552,0
DA:553,0
DA:566,0
DA:581,0
DA:595,0
DA:596,0
LF:78
LH:0
BRDA:47,0,0,0
BRDA:47,0,1,0
BRDA:66,1,0,0
BRDA:85,2,0,0
BRDA:85,2,1,0
BRDA:88,3,0,0
BRDA:88,3,1,0
BRDA:89,4,0,0
BRDA:89,4,1,0
BRDA:101,5,0,0
BRDA:101,5,1,0
BRDA:106,6,0,0
BRDA:106,6,1,0
BRDA:106,7,0,0
BRDA:106,7,1,0
BRDA:106,7,2,0
BRDA:115,8,0,0
BRDA:115,8,1,0
BRDA:151,9,0,0
BRDA:152,10,0,0
BRDA:153,11,0,0
BRDA:167,12,0,0
BRDA:167,12,1,0
BRDA:175,13,0,0
BRDA:175,13,1,0
BRDA:200,14,0,0
BRDA:200,14,1,0
BRDA:211,15,0,0
BRDA:211,15,1,0
BRDA:211,16,0,0
BRDA:211,16,1,0
BRDA:220,17,0,0
BRDA:220,17,1,0
BRDA:224,18,0,0
BRDA:224,18,1,0
BRDA:224,19,0,0
BRDA:224,19,1,0
BRDA:336,20,0,0
BRDA:336,20,1,0
BRDA:364,21,0,0
BRDA:365,22,0,0
BRDA:365,22,1,0
BRDA:381,23,0,0
BRDA:382,24,0,0
BRDA:382,24,1,0
BRDA:453,25,0,0
BRDA:454,26,0,0
BRDA:455,27,0,0
BRDA:456,28,0,0
BRDA:465,29,0,0
BRDA:465,29,1,0
BRDA:479,30,0,0
BRDA:479,30,1,0
BRDA:481,31,0,0
BRDA:481,31,1,0
BRDA:495,32,0,0
BRDA:496,33,0,0
BRDA:502,34,0,0
BRDA:502,34,1,0
BRDA:521,35,0,0
BRDA:521,35,1,0
BRDA:522,36,0,0
BRDA:522,36,1,0
BRDA:523,37,0,0
BRDA:523,37,1,0
BRDA:524,38,0,0
BRDA:524,38,1,0
BRDA:551,39,0,0
BRDA:555,40,0,0
BRDA:555,40,1,0
BRDA:585,41,0,0
BRDA:586,42,0,0
BRDA:587,43,0,0
BRDA:595,44,0,0
BRDA:595,44,1,0
BRDA:615,45,0,0
BRDA:615,45,1,0
BRDA:616,46,0,0
BRDA:616,46,1,0
BRF:79
BRH:0
end_of_record
TN:
SF:packages/components/features/descriptions/index.tsx
FN:22,(anonymous_0)
FN:94,(anonymous_1)
FN:129,(anonymous_2)
FN:143,(anonymous_3)
FN:152,(anonymous_4)
FN:180,(anonymous_5)
FN:231,(anonymous_6)
FNF:7
FNH:0
FNDA:0,(anonymous_0)
FNDA:0,(anonymous_1)
FNDA:0,(anonymous_2)
FNDA:0,(anonymous_3)
FNDA:0,(anonymous_4)
FNDA:0,(anonymous_5)
FNDA:0,(anonymous_6)
DA:1,0
DA:9,0
DA:22,0
DA:42,0
DA:43,0
DA:59,0
DA:94,0
DA:104,0
DA:129,0
DA:135,0
DA:143,0
DA:144,0
DA:153,0
DA:180,0
DA:192,0
DA:194,0
DA:231,0
DA:237,0
LF:18
LH:0
BRDA:41,0,0,0
BRDA:41,1,0,0
BRDA:42,2,0,0
BRDA:42,2,1,0
BRDA:50,3,0,0
BRDA:50,3,1,0
BRDA:71,4,0,0
BRDA:71,4,1,0
BRDA:111,5,0,0
BRDA:111,5,1,0
BRDA:113,6,0,0
BRDA:113,6,1,0
BRDA:137,7,0,0
BRDA:137,7,1,0
BRDA:191,8,0,0
BRDA:191,9,0,0
BRDA:191,10,0,0
BRDA:199,11,0,0
BRDA:199,11,1,0
BRDA:201,12,0,0
BRDA:201,12,1,0
BRDA:207,13,0,0
BRDA:207,13,1,0
BRF:23
BRH:0
end_of_record
TN:
SF:packages/components/features/descriptions/components/badge.tsx
FN:15,(anonymous_0)
FNF:1
FNH:0
FNDA:0,(anonymous_0)
DA:1,0
DA:15,0
DA:16,0
DA:17,0
LF:4
LH:0
BRDA:15,0,0,0
BRDA:15,1,0,0
BRDA:15,2,0,0
BRDA:16,3,0,0
BRDA:16,3,1,0
BRF:5
BRH:0
end_of_record
TN:
SF:packages/components/features/descriptions/components/boolean.tsx
FN:13,(anonymous_0)
FNF:1
FNH:0
FNDA:0,(anonymous_0)
DA:1,0
DA:13,0
DA:14,0
DA:15,0
LF:4
LH:0
BRDA:13,0,0,0
BRDA:13,1,0,0
BRDA:14,2,0,0
BRDA:14,2,1,0
BRDA:16,3,0,0
BRDA:16,3,1,0
BRDA:17,4,0,0
BRDA:17,4,1,0
BRF:8
BRH:0
end_of_record
TN:
SF:packages/components/features/descriptions/components/copy.tsx
FN:14,(anonymous_0)
FN:17,(anonymous_1)
FN:21,(anonymous_2)
FNF:3
FNH:0
FNDA:0,(anonymous_0)
FNDA:0,(anonymous_1)
FNDA:0,(anonymous_2)
DA:1,0
DA:14,0
DA:15,0
DA:17,0
DA:18,0
DA:19,0
DA:20,0
DA:21,0
DA:24,0
DA:26,0
LF:10
LH:0
BRDA:14,0,0,0
BRDA:18,1,0,0
BRDA:18,1,1,0
BRDA:24,2,0,0
BRDA:24,2,1,0
BRDA:33,3,0,0
BRDA:33,3,1,0
BRDA:36,4,0,0
BRDA:36,4,1,0
BRDA:37,5,0,0
BRDA:37,5,1,0
BRF:11
BRH:0
end_of_record
TN:
SF:packages/components/features/descriptions/components/date.tsx
FN:12,(anonymous_0)
FNF:1
FNH:0
FNDA:0,(anonymous_0)
DA:1,0
DA:12,0
DA:13,0
DA:14,0
LF:4
LH:0
BRDA:13,0,0,0
BRDA:13,0,1,0
BRF:2
BRH:0
end_of_record
TN:
SF:packages/components/features/descriptions/components/empty.tsx
FN:3,(anonymous_0)
FNF:1
FNH:0
FNDA:0,(anonymous_0)
DA:1,0
DA:3,0
DA:4,0
LF:3
LH:0
BRF:0
BRH:0
end_of_record
TN:
SF:packages/components/features/descriptions/components/images.tsx
FN:9,(anonymous_0)
FN:18,(anonymous_1)
FNF:2
FNH:0
FNDA:0,(anonymous_0)
FNDA:0,(anonymous_1)
DA:1,0
DA:9,0
DA:12,0
DA:14,0
DA:16,0
DA:19,0
LF:6
LH:0
BRDA:12,0,0,0
BRDA:12,0,1,0
BRDA:22,1,0,0
BRDA:22,1,1,0
BRF:4
BRH:0
end_of_record
TN:
SF:packages/components/features/descriptions/components/index.ts
FNF:0
FNH:0
LF:0
LH:0
BRF:0
BRH:0
end_of_record
TN:
SF:packages/components/features/descriptions/components/link.tsx
FN:15,(anonymous_0)
FNF:1
FNH:0
FNDA:0,(anonymous_0)
DA:1,0
DA:15,0
DA:16,0
DA:18,0
LF:4
LH:0
BRDA:15,0,0,0
BRDA:16,1,0,0
BRDA:16,1,1,0
BRDA:22,2,0,0
BRDA:22,2,1,0
BRDA:23,3,0,0
BRDA:23,3,1,0
BRDA:29,4,0,0
BRDA:29,4,1,0
BRDA:30,5,0,0
BRDA:30,5,1,0
BRDA:31,6,0,0
BRDA:31,6,1,0
BRF:13
BRH:0
end_of_record
TN:
SF:packages/components/features/descriptions/components/longtext.tsx
FN:8,(anonymous_0)
FNF:1
FNH:0
FNDA:0,(anonymous_0)
DA:1,0
DA:8,0
DA:9,0
DA:10,0
LF:4
LH:0
BRDA:9,0,0,0
BRDA:9,0,1,0
BRF:2
BRH:0
end_of_record
TN:
SF:packages/components/features/descriptions/components/name.tsx
FN:8,(anonymous_0)
FNF:1
FNH:0
FNDA:0,(anonymous_0)
DA:1,0
DA:8,0
DA:11,0
DA:12,0
LF:4
LH:0
BRDA:11,0,0,0
BRDA:11,0,1,0
BRF:2
BRH:0
end_of_record
TN:
SF:packages/components/features/descriptions/components/number-phone.tsx
FN:6,(anonymous_0)
FNF:1
FNH:0
FNDA:0,(anonymous_0)
DA:1,0
DA:6,0
DA:7,0
LF:3
LH:0
BRF:0
BRH:0
end_of_record
TN:
SF:packages/components/features/descriptions/components/statistic.tsx
FN:9,(anonymous_0)
FN:54,(anonymous_1)
FN:68,(anonymous_2)
FN:81,(anonymous_3)
FN:92,(anonymous_4)
FN:107,(anonymous_5)
FNF:6
FNH:0
FNDA:0,(anonymous_0)
FNDA:0,(anonymous_1)
FNDA:0,(anonymous_2)
FNDA:0,(anonymous_3)
FNDA:0,(anonymous_4)
FNDA:0,(anonymous_5)
DA:1,0
DA:9,0
DA:10,0
DA:11,0
DA:13,0
DA:15,0
DA:17,0
DA:21,0
DA:54,0
DA:68,0
DA:69,0
DA:70,0
DA:71,0
DA:72,0
DA:73,0
DA:75,0
DA:78,0
DA:81,0
DA:83,0
DA:84,0
DA:85,0
DA:87,0
DA:92,0
DA:93,0
DA:94,0
DA:95,0
DA:97,0
DA:98,0
DA:99,0
DA:100,0
DA:101,0
DA:102,0
DA:104,0
DA:107,0
DA:108,0
DA:109,0
DA:112,0
DA:113,0
DA:116,0
DA:125,0
LF:40
LH:0
BRDA:11,0,0,0
BRDA:11,0,1,0
BRDA:11,0,2,0
BRDA:56,1,0,0
BRDA:57,2,0,0
BRDA:61,3,0,0
BRDA:62,4,0,0
BRDA:63,5,0,0
BRDA:64,6,0,0
BRDA:65,7,0,0
BRDA:70,8,0,0
BRDA:70,8,1,0
BRDA:70,9,0,0
BRDA:70,9,1,0
BRDA:71,10,0,0
BRDA:71,10,1,0
BRDA:84,11,0,0
BRDA:84,11,1,0
BRDA:84,12,0,0
BRDA:84,12,1,0
BRDA:93,13,0,0
BRDA:93,13,1,0
BRDA:94,14,0,0
BRDA:94,14,1,0
BRDA:94,15,0,0
BRDA:94,15,1,0
BRDA:97,16,0,0
BRDA:97,16,1,0
BRDA:99,17,0,0
BRDA:99,17,1,0
BRDA:101,18,0,0
BRDA:101,18,1,0
BRDA:101,19,0,0
BRDA:101,19,1,0
BRDA:108,20,0,0
BRDA:108,20,1,0
BRDA:108,21,0,0
BRDA:108,21,1,0
BRDA:112,22,0,0
BRDA:112,22,1,0
BRDA:112,23,0,0
BRDA:112,23,1,0
BRDA:112,23,2,0
BRDA:118,24,0,0
BRDA:118,24,1,0
BRDA:120,25,0,0
BRDA:120,25,1,0
BRF:47
BRH:0
end_of_record
TN:
SF:packages/components/features/descriptions/components/status.tsx
FN:29,(anonymous_0)
FNF:1
FNH:0
FNDA:0,(anonymous_0)
DA:1,0
DA:12,0
DA:29,0
DA:30,0
DA:31,0
LF:5
LH:0
BRDA:29,0,0,0
BRDA:29,1,0,0
BRDA:30,2,0,0
BRDA:30,2,1,0
BRDA:33,3,0,0
BRDA:33,3,1,0
BRF:6
BRH:0
end_of_record
TN:
SF:packages/components/features/descriptions/components/tag-list.tsx
FN:15,(anonymous_0)
FN:23,(anonymous_1)
FNF:2
FNH:0
FNDA:0,(anonymous_0)
FNDA:0,(anonymous_1)
DA:1,0
DA:15,0
DA:16,0
DA:18,0
DA:19,0
DA:21,0
DA:25,0
LF:7
LH:0
BRDA:15,0,0,0
BRDA:15,1,0,0
BRDA:15,2,0,0
BRDA:16,3,0,0
BRDA:16,3,1,0
BRDA:29,4,0,0
BRDA:29,4,1,0
BRF:7
BRH:0
end_of_record
TN:
SF:packages/components/features/descriptions/components/user.tsx
FN:13,(anonymous_0)
FNF:1
FNH:0
FNDA:0,(anonymous_0)
DA:1,0
DA:13,0
DA:14,0
DA:15,0
LF:4
LH:0
BRDA:14,0,0,0
BRDA:14,0,1,0
BRDA:14,1,0,0
BRDA:14,1,1,0
BRDA:14,1,2,0
BRF:5
BRH:0
end_of_record
TN:
SF:packages/components/features/search-modal/index.tsx
FN:13,(anonymous_0)
FNF:1
FNH:0
FNDA:0,(anonymous_0)
DA:13,0
DA:14,0
LF:2
LH:0
BRF:0
BRH:0
end_of_record
TN:
SF:packages/components/features/search-modal/components/command.tsx
FN:4,(anonymous_0)
FN:23,(anonymous_1)
FNF:2
FNH:0
FNDA:0,(anonymous_0)
FNDA:0,(anonymous_1)
DA:4,0
DA:7,0
DA:23,0
DA:24,0
LF:4
LH:0
BRF:0
BRH:0
end_of_record
TN:
SF:packages/components/features/tables/constants.ts
FNF:0
FNH:0
DA:1,0
DA:2,0
DA:3,0
DA:4,0
LF:4
LH:0
BRF:0
BRH:0
end_of_record
TN:
SF:packages/components/features/tables/index.tsx
FNF:0
FNH:0
LF:0
LH:0
BRF:0
BRH:0
end_of_record
TN:
SF:packages/components/features/tables/types.ts
FNF:0
FNH:0
LF:0
LH:0
BRF:0
BRH:0
end_of_record
TN:
SF:packages/components/features/tables/components/common.tsx
FNF:0
FNH:0
LF:0
LH:0
BRF:0
BRH:0
end_of_record
TN:
SF:packages/components/features/tables/components/table.tsx
FN:23,(anonymous_0)
FN:36,(anonymous_1)
FN:37,(anonymous_2)
FN:40,(anonymous_3)
FN:45,(anonymous_4)
FN:59,(anonymous_5)
FN:64,(anonymous_6)
FNF:7
FNH:0
FNDA:0,(anonymous_0)
FNDA:0,(anonymous_1)
FNDA:0,(anonymous_2)
FNDA:0,(anonymous_3)
FNDA:0,(anonymous_4)
FNDA:0,(anonymous_5)
FNDA:0,(anonymous_6)
DA:1,0
DA:23,0
DA:24,0
DA:25,0
DA:27,0
DA:29,0
DA:32,0
DA:36,0
DA:37,0
DA:40,0
DA:45,0
DA:46,0
DA:49,0
DA:60,0
DA:65,0
DA:69,0
DA:70,0
DA:76,0
DA:78,0
LF:19
LH:0
BRDA:35,0,0,0
BRDA:35,0,1,0
BRDA:40,1,0,0
BRDA:40,1,1,0
BRDA:40,2,0,0
BRDA:40,2,1,0
BRDA:69,3,0,0
BRDA:69,3,1,0
BRDA:69,4,0,0
BRDA:69,4,1,0
BRDA:98,5,0,0
BRDA:98,5,1,0
BRF:12
BRH:0
end_of_record
TN:
SF:packages/components/features/tables/components/atoms/badge-display.tsx
FN:19,(anonymous_0)
FN:32,(anonymous_1)
FN:41,(anonymous_2)
FN:55,(anonymous_3)
FNF:4
FNH:0
FNDA:0,(anonymous_0)
FNDA:0,(anonymous_1)
FNDA:0,(anonymous_2)
FNDA:0,(anonymous_3)
DA:19,0
DA:27,0
DA:28,0
DA:29,0
DA:33,0
DA:34,0
DA:35,0
DA:42,0
DA:43,0
DA:44,0
DA:52,0
DA:56,0
DA:57,0
DA:58,0
LF:14
LH:0
BRDA:27,0,0,0
BRDA:27,0,1,0
BRDA:28,1,0,0
BRDA:28,1,1,0
BRF:4
BRH:0
end_of_record
TN:
SF:packages/components/features/tables/components/atoms/boolean-display.tsx
FN:5,(anonymous_0)
FNF:1
FNH:0
FNDA:0,(anonymous_0)
DA:5,0
DA:8,0
DA:9,0
DA:10,0
DA:12,0
LF:5
LH:0
BRDA:8,0,0,0
BRDA:8,0,1,0
BRDA:8,1,0,0
BRDA:8,1,1,0
BRDA:9,2,0,0
BRDA:9,2,1,0
BRF:6
BRH:0
end_of_record
TN:
SF:packages/components/features/tables/components/atoms/currency-display.tsx
FN:39,(anonymous_0)
FN:40,(anonymous_1)
FN:53,(anonymous_2)
FNF:3
FNH:0
FNDA:0,(anonymous_0)
FNDA:0,(anonymous_1)
FNDA:0,(anonymous_2)
DA:1,0
DA:39,0
DA:40,0
DA:41,0
DA:42,0
DA:44,0
DA:53,0
DA:54,0
DA:55,0
DA:58,0
DA:60,0
DA:78,0
LF:12
LH:0
BRDA:39,0,0,0
BRDA:39,1,0,0
BRDA:39,2,0,0
BRDA:39,3,0,0
BRDA:39,4,0,0
BRDA:41,5,0,0
BRDA:41,5,1,0
BRDA:42,6,0,0
BRDA:42,6,1,0
BRDA:42,7,0,0
BRDA:42,7,1,0
BRDA:42,7,2,0
BRDA:42,7,3,0
BRDA:54,8,0,0
BRDA:54,8,1,0
BRDA:55,9,0,0
BRDA:55,9,1,0
BRDA:58,10,0,0
BRDA:58,10,1,0
BRDA:64,11,0,0
BRDA:64,11,1,0
BRDA:65,12,0,0
BRDA:65,12,1,0
BRDA:66,13,0,0
BRDA:66,13,1,0
BRDA:67,14,0,0
BRDA:67,14,1,0
BRDA:68,15,0,0
BRDA:68,15,1,0
BRDA:69,16,0,0
BRDA:69,16,1,0
BRDA:70,17,0,0
BRDA:70,17,1,0
BRDA:70,17,2,0
BRDA:71,18,0,0
BRDA:71,18,1,0
BRDA:71,18,2,0
BRF:37
BRH:0
end_of_record
TN:
SF:packages/components/features/tables/components/atoms/date-display.tsx
FN:23,(anonymous_0)
FNF:1
FNH:0
FNDA:0,(anonymous_0)
DA:23,0
DA:24,0
DA:25,0
LF:3
LH:0
BRDA:24,0,0,0
BRDA:24,0,1,0
BRDA:24,1,0,0
BRDA:24,1,1,0
BRF:4
BRH:0
end_of_record
TN:
SF:packages/components/features/tables/components/atoms/description-display.tsx
FN:16,(anonymous_0)
FNF:1
FNH:0
FNDA:0,(anonymous_0)
DA:16,0
DA:20,0
DA:21,0
DA:23,0
LF:4
LH:0
BRDA:20,0,0,0
BRDA:20,0,1,0
BRDA:20,1,0,0
BRDA:20,1,1,0
BRF:4
BRH:0
end_of_record
TN:
SF:packages/components/features/tables/components/atoms/email-display.tsx
FN:29,(anonymous_0)
FN:34,(anonymous_1)
FN:37,(anonymous_2)
FN:39,(anonymous_3)
FN:49,(anonymous_4)
FNF:5
FNH:0
FNDA:0,(anonymous_0)
FNDA:0,(anonymous_1)
FNDA:0,(anonymous_2)
FNDA:0,(anonymous_3)
FNDA:0,(anonymous_4)
DA:1,0
DA:29,0
DA:30,0
DA:32,0
DA:34,0
DA:35,0
DA:36,0
DA:37,0
DA:38,0
DA:39,0
DA:43,0
DA:49,0
LF:12
LH:0
BRDA:29,0,0,0
BRDA:32,1,0,0
BRDA:32,1,1,0
BRDA:48,2,0,0
BRDA:48,2,1,0
BRDA:62,3,0,0
BRDA:62,3,1,0
BRDA:65,4,0,0
BRDA:65,4,1,0
BRF:9
BRH:0
end_of_record
TN:
SF:packages/components/features/tables/components/atoms/empty.tsx
FN:12,(anonymous_0)
FNF:1
FNH:0
FNDA:0,(anonymous_0)
DA:12,0
DA:13,0
LF:2
LH:0
BRF:0
BRH:0
end_of_record
TN:
SF:packages/components/features/tables/components/atoms/index.ts
FNF:0
FNH:0
LF:0
LH:0
BRF:0
BRH:0
end_of_record
TN:
SF:packages/components/features/tables/components/atoms/list-display.tsx
FN:28,(anonymous_0)
FN:36,(anonymous_1)
FN:51,(anonymous_2)
FNF:3
FNH:0
FNDA:0,(anonymous_0)
FNDA:0,(anonymous_1)
FNDA:0,(anonymous_2)
DA:1,0
DA:28,0
DA:29,0
DA:31,0
DA:32,0
DA:34,0
DA:37,0
DA:52,0
LF:8
LH:0
BRDA:28,0,0,0
BRDA:29,1,0,0
BRDA:29,1,1,0
BRDA:29,2,0,0
BRDA:29,2,1,0
BRDA:42,3,0,0
BRDA:42,3,1,0
BRF:7
BRH:0
end_of_record
TN:
SF:packages/components/features/tables/components/atoms/more-button.tsx
FN:20,(anonymous_0)
FN:39,(anonymous_1)
FN:43,(anonymous_2)
FNF:3
FNH:0
FNDA:0,(anonymous_0)
FNDA:0,(anonymous_1)
FNDA:0,(anonymous_2)
DA:20,0
DA:30,0
DA:40,0
DA:44,0
DA:45,0
DA:46,0
LF:6
LH:0
BRDA:29,0,0,0
BRF:1
BRH:0
end_of_record
TN:
SF:packages/components/features/tables/components/atoms/name-display.tsx
FN:22,(anonymous_0)
FNF:1
FNH:0
FNDA:0,(anonymous_0)
DA:22,0
DA:23,0
DA:24,0
LF:3
LH:0
BRDA:23,0,0,0
BRDA:23,0,1,0
BRF:2
BRH:0
end_of_record
TN:
SF:packages/components/features/tables/components/atoms/permalink.tsx
FN:12,(anonymous_0)
FNF:1
FNH:0
FNDA:0,(anonymous_0)
DA:12,0
DA:18,0
LF:2
LH:0
BRDA:20,0,0,0
BRDA:20,0,1,0
BRF:2
BRH:0
end_of_record
TN:
SF:packages/components/features/tables/components/atoms/phone-number.tsx
FN:13,(anonymous_0)
FNF:1
FNH:0
FNDA:0,(anonymous_0)
DA:13,0
DA:19,0
LF:2
LH:0
BRF:0
BRH:0
end_of_record
TN:
SF:packages/components/features/tables/components/atoms/progress-display.tsx
FN:38,(anonymous_0)
FNF:1
FNH:0
FNDA:0,(anonymous_0)
DA:1,0
DA:38,0
DA:39,0
DA:41,0
DA:44,0
DA:50,0
DA:57,0
LF:7
LH:0
BRDA:38,0,0,0
BRDA:38,1,0,0
BRDA:38,2,0,0
BRDA:39,3,0,0
BRDA:39,3,1,0
BRDA:39,4,0,0
BRDA:39,4,1,0
BRDA:44,5,0,0
BRDA:44,5,1,0
BRDA:46,6,0,0
BRDA:46,6,1,0
BRDA:53,7,0,0
BRDA:53,7,1,0
BRF:13
BRH:0
end_of_record
TN:
SF:packages/components/features/tables/components/atoms/remove-button.tsx
FN:20,(anonymous_0)
FN:27,(anonymous_1)
FNF:2
FNH:0
FNDA:0,(anonymous_0)
FNDA:0,(anonymous_1)
DA:20,0
DA:26,0
DA:28,0
DA:29,0
DA:30,0
DA:34,0
LF:6
LH:0
BRDA:42,0,0,0
BRDA:42,0,1,0
BRF:2
BRH:0
end_of_record
TN:
SF:packages/components/features/tables/components/atoms/statistic.tsx
FN:16,(anonymous_0)
FN:61,(anonymous_1)
FN:74,(anonymous_2)
FN:87,(anonymous_3)
FN:102,(anonymous_4)
FN:135,(anonymous_5)
FNF:6
FNH:0
FNDA:0,(anonymous_0)
FNDA:0,(anonymous_1)
FNDA:0,(anonymous_2)
FNDA:0,(anonymous_3)
FNDA:0,(anonymous_4)
FNDA:0,(anonymous_5)
DA:16,0
DA:17,0
DA:19,0
DA:21,0
DA:23,0
DA:25,0
DA:61,0
DA:74,0
DA:75,0
DA:77,0
DA:78,0
DA:79,0
DA:81,0
DA:84,0
DA:87,0
DA:89,0
DA:92,0
DA:93,0
DA:96,0
DA:102,0
DA:104,0
DA:105,0
DA:106,0
DA:108,0
DA:112,0
DA:113,0
DA:116,0
DA:117,0
DA:121,0
DA:123,0
DA:125,0
DA:128,0
DA:131,0
DA:135,0
DA:137,0
DA:138,0
DA:140,0
DA:143,0
DA:144,0
DA:147,0
DA:166,0
LF:41
LH:0
BRDA:19,0,0,0
BRDA:19,0,1,0
BRDA:19,0,2,0
BRDA:63,1,0,0
BRDA:64,2,0,0
BRDA:68,3,0,0
BRDA:69,4,0,0
BRDA:70,5,0,0
BRDA:71,6,0,0
BRDA:77,7,0,0
BRDA:77,7,1,0
BRDA:77,8,0,0
BRDA:77,8,1,0
BRDA:77,8,2,0
BRDA:92,9,0,0
BRDA:92,9,1,0
BRDA:92,10,0,0
BRDA:92,10,1,0
BRDA:104,11,0,0
BRDA:104,11,1,0
BRDA:105,12,0,0
BRDA:105,12,1,0
BRDA:105,13,0,0
BRDA:105,13,1,0
BRDA:112,14,0,0
BRDA:112,14,1,0
BRDA:116,15,0,0
BRDA:116,15,1,0
BRDA:123,16,0,0
BRDA:123,16,1,0
BRDA:123,17,0,0
BRDA:123,17,1,0
BRDA:137,18,0,0
BRDA:137,18,1,0
BRDA:137,19,0,0
BRDA:137,19,1,0
BRDA:143,20,0,0
BRDA:143,20,1,0
BRDA:143,21,0,0
BRDA:143,21,1,0
BRDA:143,21,2,0
BRDA:152,22,0,0
BRDA:152,22,1,0
BRDA:153,23,0,0
BRDA:153,23,1,0
BRDA:154,24,0,0
BRDA:154,24,1,0
BRDA:155,25,0,0
BRDA:155,25,1,0
BRDA:156,26,0,0
BRDA:156,26,1,0
BRF:51
BRH:0
end_of_record
TN:
SF:packages/components/features/tables/components/atoms/status-display.tsx
FN:36,(anonymous_0)
FNF:1
FNH:0
FNDA:0,(anonymous_0)
DA:1,0
DA:36,0
DA:37,0
DA:39,0
DA:40,0
DA:42,0
LF:6
LH:0
BRDA:36,0,0,0
BRDA:36,1,0,0
BRDA:37,2,0,0
BRDA:37,2,1,0
BRDA:37,3,0,0
BRDA:37,3,1,0
BRDA:37,3,2,0
BRDA:39,4,0,0
BRDA:39,4,1,0
BRDA:39,4,2,0
BRF:10
BRH:0
end_of_record
TN:
SF:packages/components/features/tables/components/atoms/user.tsx
FN:34,(anonymous_0)
FNF:1
FNH:0
FNDA:0,(anonymous_0)
DA:34,0
DA:35,0
LF:2
LH:0
BRDA:37,0,0,0
BRDA:37,0,1,0
BRDA:44,1,0,0
BRDA:44,1,1,0
BRDA:52,2,0,0
BRDA:52,2,1,0
BRF:6
BRH:0
end_of_record
TN:
SF:packages/components/features/tables/components/commons/body.tsx
FN:10,(anonymous_0)
FNF:1
FNH:0
FNDA:0,(anonymous_0)
DA:1,0
DA:10,0
DA:11,0
DA:12,0
DA:13,0
DA:19,0
LF:6
LH:0
BRDA:12,0,0,0
BRDA:12,0,1,0
BRDA:12,1,0,0
BRDA:12,1,1,0
BRDA:12,1,2,0
BRF:5
BRH:0
end_of_record
TN:
SF:packages/components/features/tables/components/commons/cell-actions.tsx
FN:9,(anonymous_0)
FN:10,(anonymous_1)
FNF:2
FNH:0
FNDA:0,(anonymous_0)
FNDA:0,(anonymous_1)
DA:1,0
DA:9,0
DA:10,0
DA:11,0
DA:13,0
DA:19,0
LF:6
LH:0
BRF:0
BRH:0
end_of_record
TN:
SF:packages/components/features/tables/components/commons/cell-select.tsx
FN:12,(anonymous_0)
FN:13,(anonymous_1)
FN:30,(anonymous_2)
FNF:3
FNH:0
FNDA:0,(anonymous_0)
FNDA:0,(anonymous_1)
FNDA:0,(anonymous_2)
DA:1,0
DA:12,0
DA:13,0
DA:15,0
DA:19,0
DA:31,0
DA:32,0
DA:40,0
LF:8
LH:0
BRDA:12,0,0,0
BRF:1
BRH:0
end_of_record
TN:
SF:packages/components/features/tables/components/commons/cell.tsx
FN:12,(anonymous_0)
FN:18,(anonymous_1)
FN:23,(anonymous_2)
FN:28,(anonymous_3)
FN:32,(anonymous_4)
FN:36,(anonymous_5)
FN:40,(anonymous_6)
FN:44,(anonymous_7)
FN:48,(anonymous_8)
FN:56,(anonymous_9)
FNF:10
FNH:0
FNDA:0,(anonymous_0)
FNDA:0,(anonymous_1)
FNDA:0,(anonymous_2)
FNDA:0,(anonymous_3)
FNDA:0,(anonymous_4)
FNDA:0,(anonymous_5)
FNDA:0,(anonymous_6)
FNDA:0,(anonymous_7)
FNDA:0,(anonymous_8)
FNDA:0,(anonymous_9)
DA:1,0
DA:12,0
DA:14,0
DA:15,0
DA:16,0
DA:18,0
DA:19,0
DA:20,0
DA:23,0
DA:24,0
DA:25,0
DA:28,0
DA:29,0
DA:32,0
DA:33,0
DA:36,0
DA:37,0
DA:40,0
DA:41,0
DA:44,0
DA:45,0
DA:48,0
DA:49,0
DA:51,0
DA:52,0
DA:54,0
DA:55,0
DA:56,0
DA:64,0
DA:81,0
LF:30
LH:0
BRDA:13,0,0,0
BRDA:13,1,0,0
BRDA:13,2,0,0
BRDA:13,3,0,0
BRDA:20,4,0,0
BRDA:20,4,1,0
BRDA:20,5,0,0
BRDA:20,5,1,0
BRDA:25,6,0,0
BRDA:25,6,1,0
BRDA:25,7,0,0
BRDA:25,7,1,0
BRDA:33,8,0,0
BRDA:33,8,1,0
BRDA:37,9,0,0
BRDA:37,9,1,0
BRDA:49,10,0,0
BRDA:49,10,1,0
BRDA:54,11,0,0
BRDA:54,11,1,0
BRDA:54,12,0,0
BRDA:54,12,1,0
BRDA:55,13,0,0
BRDA:55,13,1,0
BRDA:55,14,0,0
BRDA:55,14,1,0
BRDA:55,14,2,0
BRDA:68,15,0,0
BRDA:68,15,1,0
BRDA:69,16,0,0
BRDA:69,16,1,0
BRDA:71,17,0,0
BRDA:71,17,1,0
BRF:33
BRH:0
end_of_record
TN:
SF:packages/components/features/tables/components/commons/empty-display.tsx
FN:22,(anonymous_0)
FN:27,(anonymous_1)
FN:29,(anonymous_2)
FN:109,(anonymous_3)
FNF:4
FNH:0
FNDA:0,(anonymous_0)
FNDA:0,(anonymous_1)
FNDA:0,(anonymous_2)
FNDA:0,(anonymous_3)
DA:1,0
DA:22,0
DA:23,0
DA:24,0
DA:25,0
DA:28,0
DA:30,0
DA:31,0
DA:32,0
DA:33,0
DA:34,0
DA:49,0
DA:50,0
DA:71,0
DA:109,0
DA:110,0
DA:111,0
DA:112,0
DA:125,0
LF:19
LH:0
BRDA:23,0,0,0
BRDA:24,1,0,0
BRDA:24,1,1,0
BRDA:24,2,0,0
BRDA:24,2,1,0
BRDA:33,3,0,0
BRDA:33,3,1,0
BRDA:49,4,0,0
BRDA:49,4,1,0
BRDA:77,5,0,0
BRDA:77,5,1,0
BRDA:78,6,0,0
BRDA:78,6,1,0
BRDA:80,7,0,0
BRDA:80,7,1,0
BRDA:81,8,0,0
BRDA:81,8,1,0
BRDA:81,9,0,0
BRDA:81,9,1,0
BRDA:82,10,0,0
BRDA:82,10,1,0
BRDA:82,11,0,0
BRDA:82,11,1,0
BRDA:84,12,0,0
BRDA:84,12,1,0
BRDA:85,13,0,0
BRDA:85,13,1,0
BRDA:95,14,0,0
BRDA:95,14,1,0
BRDA:111,15,0,0
BRDA:111,15,1,0
BRDA:114,16,0,0
BRDA:114,16,1,0
BRDA:115,17,0,0
BRDA:115,17,1,0
BRF:35
BRH:0
end_of_record
TN:
SF:packages/components/features/tables/components/commons/footer-row.tsx
FN:13,computeAggregation
FN:18,(anonymous_1)
FN:20,(anonymous_2)
FN:28,extractNumericValues
FN:30,(anonymous_4)
FN:35,(anonymous_5)
FN:38,(anonymous_6)
FN:43,(anonymous_7)
FN:45,(anonymous_8)
FN:45,(anonymous_9)
FN:48,(anonymous_10)
FN:50,(anonymous_11)
FN:54,(anonymous_12)
FN:68,(anonymous_13)
FN:69,(anonymous_14)
FN:77,(anonymous_15)
FNF:16
FNH:0
FNDA:0,computeAggregation
FNDA:0,(anonymous_1)
FNDA:0,(anonymous_2)
FNDA:0,extractNumericValues
FNDA:0,(anonymous_4)
FNDA:0,(anonymous_5)
FNDA:0,(anonymous_6)
FNDA:0,(anonymous_7)
FNDA:0,(anonymous_8)
FNDA:0,(anonymous_9)
FNDA:0,(anonymous_10)
FNDA:0,(anonymous_11)
FNDA:0,(anonymous_12)
FNDA:0,(anonymous_13)
FNDA:0,(anonymous_14)
FNDA:0,(anonymous_15)
DA:1,0
DA:14,0
DA:16,0
DA:18,0
DA:20,0
DA:22,0
DA:24,0
DA:29,0
DA:31,0
DA:32,0
DA:33,0
DA:35,0
DA:38,0
DA:39,0
DA:40,0
DA:43,0
DA:45,0
DA:48,0
DA:50,0
DA:52,0
DA:54,0
DA:55,0
DA:56,0
DA:57,0
DA:58,0
DA:59,0
DA:60,0
DA:62,0
DA:65,0
DA:66,0
DA:67,0
DA:68,0
DA:69,0
DA:71,0
DA:73,0
DA:75,0
DA:78,0
DA:79,0
DA:80,0
DA:81,0
DA:83,0
DA:84,0
DA:86,0
DA:87,0
DA:100,0
DA:101,0
DA:111,0
DA:112,0
DA:114,0
DA:137,0
LF:50
LH:0
BRDA:14,0,0,0
BRDA:14,0,1,0
BRDA:14,0,2,0
BRDA:14,0,3,0
BRDA:14,0,4,0
BRDA:20,1,0,0
BRDA:20,1,1,0
BRDA:22,2,0,0
BRDA:22,2,1,0
BRDA:24,3,0,0
BRDA:24,3,1,0
BRDA:32,4,0,0
BRDA:32,4,1,0
BRDA:32,5,0,0
BRDA:32,5,1,0
BRDA:43,6,0,0
BRDA:43,6,1,0
BRDA:52,7,0,0
BRDA:52,7,1,0
BRDA:58,8,0,0
BRDA:58,8,1,0
BRDA:66,9,0,0
BRDA:66,9,1,0
BRDA:67,10,0,0
BRDA:67,10,1,0
BRDA:71,11,0,0
BRDA:71,11,1,0
BRDA:73,12,0,0
BRDA:73,12,1,0
BRDA:79,13,0,0
BRDA:79,13,1,0
BRDA:79,14,0,0
BRDA:79,14,1,0
BRDA:83,15,0,0
BRDA:83,15,1,0
BRDA:84,16,0,0
BRDA:84,16,1,0
BRDA:86,17,0,0
BRDA:86,17,1,0
BRDA:100,18,0,0
BRDA:100,18,1,0
BRDA:112,19,0,0
BRDA:112,19,1,0
BRDA:124,20,0,0
BRDA:124,20,1,0
BRDA:126,21,0,0
BRDA:126,21,1,0
BRDA:126,22,0,0
BRDA:126,22,1,0
BRF:49
BRH:0
end_of_record
TN:
SF:packages/components/features/tables/components/commons/footer.tsx
FN:9,(anonymous_0)
FNF:1
FNH:0
FNDA:0,(anonymous_0)
DA:1,0
DA:9,0
DA:10,0
DA:16,0
LF:4
LH:0
BRF:0
BRH:0
end_of_record
TN:
SF:packages/components/features/tables/components/commons/head-cell-option.tsx
FN:20,(anonymous_0)
FN:21,(anonymous_1)
FN:25,(anonymous_2)
FN:29,(anonymous_3)
FNF:4
FNH:0
FNDA:0,(anonymous_0)
FNDA:0,(anonymous_1)
FNDA:0,(anonymous_2)
FNDA:0,(anonymous_3)
DA:1,0
DA:20,0
DA:21,0
DA:22,0
DA:25,0
DA:26,0
DA:29,0
DA:30,0
DA:33,0
DA:69,0
LF:10
LH:0
BRDA:42,0,0,0
BRDA:42,0,1,0
BRDA:44,1,0,0
BRDA:44,1,1,0
BRDA:50,2,0,0
BRDA:50,2,1,0
BRDA:52,3,0,0
BRDA:52,3,1,0
BRDA:58,4,0,0
BRDA:58,4,1,0
BRF:10
BRH:0
end_of_record
TN:
SF:packages/components/features/tables/components/commons/head-cell-select.tsx
FN:10,(anonymous_0)
FN:11,(anonymous_1)
FN:27,(anonymous_2)
FNF:3
FNH:0
FNDA:0,(anonymous_0)
FNDA:0,(anonymous_1)
FNDA:0,(anonymous_2)
DA:1,0
DA:10,0
DA:11,0
DA:13,0
DA:17,0
DA:28,0
DA:29,0
DA:37,0
LF:8
LH:0
BRF:0
BRH:0
end_of_record
TN:
SF:packages/components/features/tables/components/commons/head-cell.tsx
FN:13,(anonymous_0)
FN:30,(anonymous_1)
FN:34,(anonymous_2)
FN:39,(anonymous_3)
FN:44,(anonymous_4)
FN:48,(anonymous_5)
FN:52,(anonymous_6)
FNF:7
FNH:0
FNDA:0,(anonymous_0)
FNDA:0,(anonymous_1)
FNDA:0,(anonymous_2)
FNDA:0,(anonymous_3)
FNDA:0,(anonymous_4)
FNDA:0,(anonymous_5)
FNDA:0,(anonymous_6)
DA:1,0
DA:13,0
DA:28,0
DA:30,0
DA:31,0
DA:34,0
DA:35,0
DA:36,0
DA:39,0
DA:40,0
DA:41,0
DA:44,0
DA:45,0
DA:48,0
DA:49,0
DA:52,0
DA:53,0
DA:56,0
DA:82,0
LF:19
LH:0
BRDA:15,0,0,0
BRDA:16,1,0,0
BRDA:17,2,0,0
BRDA:18,3,0,0
BRDA:19,4,0,0
BRDA:31,5,0,0
BRDA:31,5,1,0
BRDA:36,6,0,0
BRDA:36,6,1,0
BRDA:36,7,0,0
BRDA:36,7,1,0
BRDA:41,8,0,0
BRDA:41,8,1,0
BRDA:41,9,0,0
BRDA:41,9,1,0
BRDA:49,10,0,0
BRDA:49,10,1,0
BRDA:53,11,0,0
BRDA:53,11,1,0
BRDA:64,12,0,0
BRDA:64,12,1,0
BRDA:75,13,0,0
BRDA:75,13,1,0
BRF:23
BRH:0
end_of_record
TN:
SF:packages/components/features/tables/components/commons/head-row.tsx
FN:14,(anonymous_0)
FN:20,(anonymous_1)
FNF:2
FNH:0
FNDA:0,(anonymous_0)
FNDA:0,(anonymous_1)
DA:1,0
DA:14,0
DA:15,0
DA:16,0
DA:17,0
DA:18,0
DA:21,0
DA:22,0
DA:23,0
DA:24,0
DA:33,0
DA:54,0
LF:12
LH:0
BRDA:22,0,0,0
BRDA:22,0,1,0
BRDA:22,1,0,0
BRDA:22,1,1,0
BRDA:23,2,0,0
BRDA:23,2,1,0
BRF:6
BRH:0
end_of_record
TN:
SF:packages/components/features/tables/components/commons/head.tsx
FN:9,(anonymous_0)
FNF:1
FNH:0
FNDA:0,(anonymous_0)
DA:1,0
DA:9,0
DA:10,0
DA:16,0
LF:4
LH:0
BRF:0
BRH:0
end_of_record
TN:
SF:packages/components/features/tables/components/commons/index.ts
FNF:0
FNH:0
LF:0
LH:0
BRF:0
BRH:0
end_of_record
TN:
SF:packages/components/features/tables/components/commons/inner-table.tsx
FN:9,(anonymous_0)
FN:14,(anonymous_1)
FN:20,(anonymous_2)
FN:22,(anonymous_3)
FN:34,(anonymous_4)
FN:66,(anonymous_5)
FN:84,(anonymous_6)
FNF:7
FNH:0
FNDA:0,(anonymous_0)
FNDA:0,(anonymous_1)
FNDA:0,(anonymous_2)
FNDA:0,(anonymous_3)
FNDA:0,(anonymous_4)
FNDA:0,(anonymous_5)
FNDA:0,(anonymous_6)
DA:1,0
DA:9,0
DA:10,0
DA:11,0
DA:14,0
DA:15,0
DA:17,0
DA:20,0
DA:21,0
DA:22,0
DA:23,0
DA:24,0
DA:25,0
DA:26,0
DA:27,0
DA:29,0
DA:31,0
DA:32,0
DA:33,0
DA:34,0
DA:35,0
DA:36,0
DA:37,0
DA:38,0
DA:39,0
DA:41,0
DA:42,0
DA:43,0
DA:44,0
DA:47,0
DA:48,0
DA:49,0
DA:52,0
DA:53,0
DA:54,0
DA:57,0
DA:58,0
DA:61,0
DA:62,0
DA:64,0
DA:66,0
DA:67,0
DA:68,0
DA:69,0
DA:70,0
DA:71,0
DA:72,0
DA:73,0
DA:76,0
DA:77,0
DA:78,0
DA:83,0
DA:84,0
DA:85,0
DA:86,0
DA:90,0
DA:96,0
LF:57
LH:0
BRDA:15,0,0,0
BRDA:15,0,1,0
BRDA:21,1,0,0
BRDA:21,1,1,0
BRDA:24,2,0,0
BRDA:24,2,1,0
BRDA:26,3,0,0
BRDA:26,3,1,0
BRDA:29,4,0,0
BRDA:29,5,0,0
BRDA:36,6,0,0
BRDA:36,6,1,0
BRDA:37,7,0,0
BRDA:37,7,1,0
BRDA:41,8,0,0
BRDA:41,8,1,0
BRDA:42,9,0,0
BRDA:42,9,1,0
BRDA:47,10,0,0
BRDA:47,10,1,0
BRDA:52,11,0,0
BRDA:52,11,1,0
BRDA:52,12,0,0
BRDA:52,12,1,0
BRDA:62,13,0,0
BRDA:62,13,1,0
BRDA:67,14,0,0
BRDA:67,14,1,0
BRDA:68,15,0,0
BRDA:68,15,1,0
BRDA:72,16,0,0
BRDA:72,16,1,0
BRDA:85,17,0,0
BRDA:85,17,1,0
BRF:34
BRH:0
end_of_record
TN:
SF:packages/components/features/tables/components/commons/inner-wrapper.tsx
FN:8,(anonymous_0)
FNF:1
FNH:0
FNDA:0,(anonymous_0)
DA:1,0
DA:8,0
DA:9,0
DA:10,0
DA:16,0
LF:5
LH:0
BRF:0
BRH:0
end_of_record
TN:
SF:packages/components/features/tables/components/commons/load-more.tsx
FN:14,(anonymous_0)
FN:23,(anonymous_1)
FN:34,(anonymous_2)
FN:38,(anonymous_3)
FN:43,(anonymous_4)
FNF:5
FNH:0
FNDA:0,(anonymous_0)
FNDA:0,(anonymous_1)
FNDA:0,(anonymous_2)
FNDA:0,(anonymous_3)
FNDA:0,(anonymous_4)
DA:1,0
DA:14,0
DA:15,0
DA:17,0
DA:18,0
DA:20,0
DA:21,0
DA:23,0
DA:24,0
DA:25,0
DA:26,0
DA:27,0
DA:29,0
DA:30,0
DA:34,0
DA:35,0
DA:36,0
DA:38,0
DA:39,0
DA:42,0
DA:43,0
DA:46,0
DA:48,0
DA:68,0
LF:24
LH:0
BRDA:36,0,0,0
BRDA:36,0,1,0
BRDA:46,1,0,0
BRDA:46,1,1,0
BRDA:57,2,0,0
BRDA:57,2,1,0
BRDA:58,3,0,0
BRDA:58,3,1,0
BRDA:59,4,0,0
BRDA:59,4,1,0
BRDA:60,5,0,0
BRDA:60,5,1,0
BRDA:61,6,0,0
BRDA:61,6,1,0
BRDA:62,7,0,0
BRDA:62,7,1,0
BRF:16
BRH:0
end_of_record
TN:
SF:packages/components/features/tables/components/commons/row.tsx
FN:13,(anonymous_0)
FN:16,(anonymous_1)
FN:17,(anonymous_2)
FN:18,(anonymous_3)
FN:19,(anonymous_4)
FN:21,(anonymous_5)
FN:40,(anonymous_6)
FNF:7
FNH:0
FNDA:0,(anonymous_0)
FNDA:0,(anonymous_1)
FNDA:0,(anonymous_2)
FNDA:0,(anonymous_3)
FNDA:0,(anonymous_4)
FNDA:0,(anonymous_5)
FNDA:0,(anonymous_6)
DA:1,0
DA:13,0
DA:14,0
DA:16,0
DA:17,0
DA:18,0
DA:19,0
DA:21,0
DA:23,0
DA:24,0
DA:25,0
DA:26,0
DA:31,0
DA:41,0
DA:42,0
DA:43,0
DA:44,0
DA:45,0
DA:57,0
DA:58,0
DA:70,0
DA:89,0
LF:22
LH:0
BRDA:16,0,0,0
BRDA:16,0,1,0
BRDA:17,1,0,0
BRDA:17,1,1,0
BRDA:23,2,0,0
BRDA:23,2,1,0
BRDA:24,3,0,0
BRDA:24,3,1,0
BRDA:24,4,0,0
BRDA:24,4,1,0
BRDA:43,5,0,0
BRDA:43,5,1,0
BRDA:43,6,0,0
BRDA:43,6,1,0
BRDA:44,7,0,0
BRDA:44,7,1,0
BRDA:50,8,0,0
BRDA:50,8,1,0
BRDA:57,9,0,0
BRDA:57,9,1,0
BRDA:63,10,0,0
BRDA:63,10,1,0
BRDA:65,11,0,0
BRDA:65,11,1,0
BRDA:75,12,0,0
BRDA:75,12,1,0
BRDA:80,13,0,0
BRDA:80,13,1,0
BRF:28
BRH:0
end_of_record
TN:
SF:packages/components/features/tables/components/commons/wrapper.tsx
FN:9,(anonymous_0)
FNF:1
FNH:0
FNDA:0,(anonymous_0)
DA:1,0
DA:9,0
DA:10,0
DA:16,0
LF:4
LH:0
BRF:0
BRH:0
end_of_record
TN:
SF:packages/components/features/tables/components/table/analysis-panel.tsx
FN:14,computeAggregation
FN:19,(anonymous_1)
FN:21,(anonymous_2)
FN:29,extractNumericValues
FN:31,(anonymous_4)
FN:36,(anonymous_5)
FN:55,(anonymous_6)
FN:61,(anonymous_7)
FN:64,(anonymous_8)
FN:66,(anonymous_9)
FN:68,(anonymous_10)
FN:70,(anonymous_11)
FN:71,(anonymous_12)
FN:132,(anonymous_13)
FN:174,(anonymous_14)
FNF:15
FNH:0
FNDA:0,computeAggregation
FNDA:0,(anonymous_1)
FNDA:0,(anonymous_2)
FNDA:0,extractNumericValues
FNDA:0,(anonymous_4)
FNDA:0,(anonymous_5)
FNDA:0,(anonymous_6)
FNDA:0,(anonymous_7)
FNDA:0,(anonymous_8)
FNDA:0,(anonymous_9)
FNDA:0,(anonymous_10)
FNDA:0,(anonymous_11)
FNDA:0,(anonymous_12)
FNDA:0,(anonymous_13)
FNDA:0,(anonymous_14)
DA:1,0
DA:15,0
DA:17,0
DA:19,0
DA:21,0
DA:23,0
DA:25,0
DA:30,0
DA:32,0
DA:33,0
DA:34,0
DA:36,0
DA:47,0
DA:55,0
DA:56,0
DA:57,0
DA:58,0
DA:61,0
DA:64,0
DA:66,0
DA:68,0
DA:69,0
DA:70,0
DA:72,0
DA:73,0
DA:75,0
DA:77,0
DA:78,0
DA:80,0
DA:92,0
DA:133,0
DA:172,0
DA:174,0
DA:175,0
DA:185,0
LF:35
LH:0
BRDA:15,0,0,0
BRDA:15,0,1,0
BRDA:15,0,2,0
BRDA:15,0,3,0
BRDA:15,0,4,0
BRDA:21,1,0,0
BRDA:21,1,1,0
BRDA:23,2,0,0
BRDA:23,2,1,0
BRDA:25,3,0,0
BRDA:25,3,1,0
BRDA:33,4,0,0
BRDA:33,4,1,0
BRDA:33,5,0,0
BRDA:33,5,1,0
BRDA:66,6,0,0
BRDA:66,6,1,0
BRDA:73,7,0,0
BRDA:73,7,1,0
BRDA:75,8,0,0
BRDA:75,8,1,0
BRDA:75,9,0,0
BRDA:75,9,1,0
BRDA:78,10,0,0
BRDA:78,10,1,0
BRDA:86,11,0,0
BRDA:86,11,1,0
BRDA:105,12,0,0
BRDA:105,12,1,0
BRDA:108,13,0,0
BRDA:108,13,1,0
BRDA:112,14,0,0
BRDA:112,14,1,0
BRDA:118,15,0,0
BRDA:118,15,1,0
BRDA:128,16,0,0
BRDA:128,16,1,0
BRDA:133,17,0,0
BRDA:133,17,1,0
BRDA:145,18,0,0
BRDA:145,18,1,0
BRDA:147,19,0,0
BRDA:147,19,1,0
BRDA:178,20,0,0
BRDA:178,20,1,0
BRDA:178,21,0,0
BRDA:178,21,1,0
BRF:47
BRH:0
end_of_record
TN:
SF:packages/components/features/tables/components/table/filter.tsx
FN:70,formatFilterValue
FN:74,(anonymous_1)
FN:78,(anonymous_2)
FN:78,(anonymous_3)
FN:109,(anonymous_4)
FN:118,(anonymous_5)
FN:128,(anonymous_6)
FN:129,(anonymous_7)
FN:140,(anonymous_8)
FN:149,(anonymous_9)
FN:159,(anonymous_10)
FN:170,(anonymous_11)
FN:177,(anonymous_12)
FN:181,(anonymous_13)
FN:186,(anonymous_14)
FN:191,(anonymous_15)
FN:196,(anonymous_16)
FN:208,(anonymous_17)
FN:216,(anonymous_18)
FN:222,(anonymous_19)
FN:227,(anonymous_20)
FN:232,(anonymous_21)
FN:239,(anonymous_22)
FN:249,(anonymous_23)
FN:254,(anonymous_24)
FN:264,(anonymous_25)
FN:272,FilterEditor
FN:291,(anonymous_27)
FN:370,(anonymous_28)
FN:376,(anonymous_29)
FN:376,(anonymous_30)
FN:416,(anonymous_31)
FN:417,(anonymous_32)
FN:430,(anonymous_33)
FN:431,(anonymous_34)
FN:438,(anonymous_35)
FN:439,(anonymous_36)
FN:463,(anonymous_37)
FNF:38
FNH:0
FNDA:0,formatFilterValue
FNDA:0,(anonymous_1)
FNDA:0,(anonymous_2)
FNDA:0,(anonymous_3)
FNDA:0,(anonymous_4)
FNDA:0,(anonymous_5)
FNDA:0,(anonymous_6)
FNDA:0,(anonymous_7)
FNDA:0,(anonymous_8)
FNDA:0,(anonymous_9)
FNDA:0,(anonymous_10)
FNDA:0,(anonymous_11)
FNDA:0,(anonymous_12)
FNDA:0,(anonymous_13)
FNDA:0,(anonymous_14)
FNDA:0,(anonymous_15)
FNDA:0,(anonymous_16)
FNDA:0,(anonymous_17)
FNDA:0,(anonymous_18)
FNDA:0,(anonymous_19)
FNDA:0,(anonymous_20)
FNDA:0,(anonymous_21)
FNDA:0,(anonymous_22)
FNDA:0,(anonymous_23)
FNDA:0,(anonymous_24)
FNDA:0,(anonymous_25)
FNDA:0,FilterEditor
FNDA:0,(anonymous_27)
FNDA:0,(anonymous_28)
FNDA:0,(anonymous_29)
FNDA:0,(anonymous_30)
FNDA:0,(anonymous_31)
FNDA:0,(anonymous_32)
FNDA:0,(anonymous_33)
FNDA:0,(anonymous_34)
FNDA:0,(anonymous_35)
FNDA:0,(anonymous_36)
FNDA:0,(anonymous_37)
DA:40,0
DA:51,0
DA:61,0
DA:71,0
DA:73,0
DA:74,0
DA:77,0
DA:78,0
DA:81,0
DA:82,0
DA:83,0
DA:84,0
DA:87,0
DA:88,0
DA:89,0
DA:90,0
DA:93,0
DA:99,0
DA:102,0
DA:103,0
DA:109,0
DA:114,0
DA:119,0
DA:129,0
DA:130,0
DA:140,0
DA:145,0
DA:150,0
DA:160,0
DA:170,0
DA:174,0
DA:177,0
DA:181,0
DA:186,0
DA:190,0
DA:191,0
DA:197,0
DA:208,0
DA:216,0
DA:222,0
DA:226,0
DA:227,0
DA:233,0
DA:239,0
DA:243,0
DA:249,0
DA:253,0
DA:255,0
DA:264,0
DA:273,0
DA:275,0
DA:277,0
DA:279,0
DA:281,0
DA:283,0
DA:285,0
DA:291,0
DA:297,0
DA:370,0
DA:372,0
DA:374,0
DA:376,0
DA:378,0
DA:417,0
DA:431,0
DA:432,0
DA:433,0
DA:438,0
DA:439,0
DA:463,0
LF:70
LH:0
BRDA:71,0,0,0
BRDA:71,0,1,0
BRDA:71,0,2,0
BRDA:71,0,3,0
BRDA:71,0,4,0
BRDA:71,0,5,0
BRDA:73,1,0,0
BRDA:73,1,1,0
BRDA:74,2,0,0
BRDA:74,2,1,0
BRDA:77,3,0,0
BRDA:77,3,1,0
BRDA:78,4,0,0
BRDA:78,4,1,0
BRDA:81,5,0,0
BRDA:81,5,1,0
BRDA:81,6,0,0
BRDA:81,6,1,0
BRDA:82,7,0,0
BRDA:82,7,1,0
BRDA:82,8,0,0
BRDA:82,8,1,0
BRDA:83,9,0,0
BRDA:83,9,1,0
BRDA:88,10,0,0
BRDA:88,10,1,0
BRDA:89,11,0,0
BRDA:89,11,1,0
BRDA:89,12,0,0
BRDA:89,12,1,0
BRDA:99,13,0,0
BRDA:99,13,1,0
BRDA:102,14,0,0
BRDA:102,14,1,0
BRDA:103,15,0,0
BRDA:103,15,1,0
BRDA:115,16,0,0
BRDA:115,16,1,0
BRDA:115,17,0,0
BRDA:115,17,1,0
BRDA:123,18,0,0
BRDA:123,18,1,0
BRDA:129,19,0,0
BRDA:129,19,1,0
BRDA:146,20,0,0
BRDA:146,20,1,0
BRDA:146,21,0,0
BRDA:146,21,1,0
BRDA:154,22,0,0
BRDA:154,22,1,0
BRDA:160,23,0,0
BRDA:160,23,1,0
BRDA:177,24,0,0
BRDA:177,24,1,0
BRDA:177,25,0,0
BRDA:177,25,1,0
BRDA:181,26,0,0
BRDA:181,26,1,0
BRDA:181,27,0,0
BRDA:181,27,1,0
BRDA:207,28,0,0
BRDA:207,28,1,0
BRDA:208,29,0,0
BRDA:208,29,1,0
BRDA:210,30,0,0
BRDA:210,30,1,0
BRDA:215,31,0,0
BRDA:215,31,1,0
BRDA:216,32,0,0
BRDA:216,32,1,0
BRDA:262,33,0,0
BRDA:262,33,1,0
BRDA:273,34,0,0
BRDA:273,34,1,0
BRDA:273,34,2,0
BRDA:273,34,3,0
BRDA:273,34,4,0
BRDA:273,34,5,0
BRDA:379,35,0,0
BRDA:379,35,1,0
BRDA:404,36,0,0
BRDA:404,36,1,0
BRDA:426,37,0,0
BRDA:426,37,1,0
BRDA:432,38,0,0
BRDA:432,38,1,0
BRDA:462,39,0,0
BRDA:462,39,1,0
BRDA:463,40,0,0
BRDA:463,40,1,0
BRDA:466,41,0,0
BRDA:466,41,1,0
BRF:92
BRH:0
end_of_record
TN:
SF:packages/components/features/tables/components/table/provider.tsx
FN:43,createDefaultFilterValue
FN:65,(anonymous_1)
FN:66,(anonymous_2)
FN:76,(anonymous_3)
FN:77,(anonymous_4)
FN:86,(anonymous_5)
FN:88,(anonymous_6)
FN:101,(anonymous_7)
FN:102,(anonymous_8)
FN:111,(anonymous_9)
FN:113,(anonymous_10)
FN:161,(anonymous_11)
FN:211,(anonymous_12)
FN:220,(anonymous_13)
FN:228,(anonymous_14)
FN:230,(anonymous_15)
FN:237,(anonymous_16)
FN:246,(anonymous_17)
FN:248,(anonymous_18)
FN:249,(anonymous_19)
FN:257,(anonymous_20)
FN:259,(anonymous_21)
FN:260,(anonymous_22)
FN:268,(anonymous_23)
FN:305,(anonymous_24)
FN:316,(anonymous_25)
FN:321,(anonymous_26)
FN:326,(anonymous_27)
FN:374,(anonymous_28)
FN:379,(anonymous_29)
FN:383,(anonymous_30)
FN:387,(anonymous_31)
FN:392,(anonymous_32)
FN:397,(anonymous_33)
FN:402,(anonymous_34)
FN:406,(anonymous_35)
FN:406,(anonymous_36)
FN:408,(anonymous_37)
FNF:38
FNH:0
FNDA:0,createDefaultFilterValue
FNDA:0,(anonymous_1)
FNDA:0,(anonymous_2)
FNDA:0,(anonymous_3)
FNDA:0,(anonymous_4)
FNDA:0,(anonymous_5)
FNDA:0,(anonymous_6)
FNDA:0,(anonymous_7)
FNDA:0,(anonymous_8)
FNDA:0,(anonymous_9)
FNDA:0,(anonymous_10)
FNDA:0,(anonymous_11)
FNDA:0,(anonymous_12)
FNDA:0,(anonymous_13)
FNDA:0,(anonymous_14)
FNDA:0,(anonymous_15)
FNDA:0,(anonymous_16)
FNDA:0,(anonymous_17)
FNDA:0,(anonymous_18)
FNDA:0,(anonymous_19)
FNDA:0,(anonymous_20)
FNDA:0,(anonymous_21)
FNDA:0,(anonymous_22)
FNDA:0,(anonymous_23)
FNDA:0,(anonymous_24)
FNDA:0,(anonymous_25)
FNDA:0,(anonymous_26)
FNDA:0,(anonymous_27)
FNDA:0,(anonymous_28)
FNDA:0,(anonymous_29)
FNDA:0,(anonymous_30)
FNDA:0,(anonymous_31)
FNDA:0,(anonymous_32)
FNDA:0,(anonymous_33)
FNDA:0,(anonymous_34)
FNDA:0,(anonymous_35)
FNDA:0,(anonymous_36)
FNDA:0,(anonymous_37)
DA:44,0
DA:46,0
DA:48,0
DA:50,0
DA:52,0
DA:54,0
DA:56,0
DA:65,0
DA:66,0
DA:67,0
DA:69,0
DA:76,0
DA:77,0
DA:78,0
DA:80,0
DA:86,0
DA:88,0
DA:89,0
DA:92,0
DA:95,0
DA:101,0
DA:102,0
DA:103,0
DA:105,0
DA:111,0
DA:113,0
DA:114,0
DA:124,0
DA:127,0
DA:161,0
DA:198,0
DA:199,0
DA:201,0
DA:203,0
DA:204,0
DA:208,0
DA:209,0
DA:211,0
DA:213,0
DA:214,0
DA:215,0
DA:220,0
DA:222,0
DA:223,0
DA:228,0
DA:230,0
DA:231,0
DA:232,0
DA:237,0
DA:238,0
DA:239,0
DA:240,0
DA:246,0
DA:248,0
DA:249,0
DA:250,0
DA:251,0
DA:257,0
DA:259,0
DA:260,0
DA:261,0
DA:262,0
DA:268,0
DA:269,0
DA:279,0
DA:305,0
DA:316,0
DA:317,0
DA:318,0
DA:321,0
DA:322,0
DA:326,0
DA:327,0
DA:374,0
DA:375,0
DA:379,0
DA:380,0
DA:383,0
DA:384,0
DA:387,0
DA:388,0
DA:392,0
DA:393,0
DA:397,0
DA:398,0
DA:402,0
DA:403,0
DA:406,0
DA:408,0
DA:409,0
DA:413,0
LF:91
LH:0
BRDA:44,0,0,0
BRDA:44,0,1,0
BRDA:44,0,2,0
BRDA:44,0,3,0
BRDA:44,0,4,0
BRDA:44,0,5,0
BRDA:168,1,0,0
BRDA:169,2,0,0
BRDA:170,3,0,0
BRDA:171,4,0,0
BRDA:177,5,0,0
BRDA:178,6,0,0
BRDA:190,7,0,0
BRDA:193,8,0,0
BRDA:194,9,0,0
BRDA:214,10,0,0
BRDA:214,10,1,0
BRDA:223,11,0,0
BRDA:223,11,1,0
BRDA:231,12,0,0
BRDA:231,12,1,0
BRDA:260,13,0,0
BRDA:260,13,1,0
BRDA:322,14,0,0
BRDA:322,14,1,0
BRDA:322,14,2,0
BRDA:393,15,0,0
BRDA:393,15,1,0
BRDA:398,16,0,0
BRDA:398,16,1,0
BRF:30
BRH:0
end_of_record
TN:
SF:packages/components/features/tables/components/table/summary-bar.tsx
FN:17,(anonymous_0)
FN:24,(anonymous_1)
FNF:2
FNH:0
FNDA:0,(anonymous_0)
FNDA:0,(anonymous_1)
DA:1,0
DA:11,0
DA:17,0
DA:18,0
DA:20,0
DA:22,0
DA:25,0
DA:27,0
DA:60,0
LF:9
LH:0
BRDA:20,0,0,0
BRDA:20,0,1,0
BRDA:20,1,0,0
BRDA:20,1,1,0
BRDA:25,2,0,0
BRDA:25,2,1,0
BRDA:37,3,0,0
BRDA:37,3,1,0
BRDA:37,4,0,0
BRDA:37,4,1,0
BRDA:52,5,0,0
BRDA:52,5,1,0
BRF:12
BRH:0
end_of_record
TN:
SF:packages/components/features/tables/components/table/tooltip.tsx
FN:35,(anonymous_0)
FN:40,(anonymous_1)
FN:51,(anonymous_2)
FN:70,(anonymous_3)
FN:104,(anonymous_4)
FN:112,(anonymous_5)
FN:119,(anonymous_6)
FN:129,(anonymous_7)
FN:139,(anonymous_8)
FN:149,(anonymous_9)
FN:159,(anonymous_10)
FN:195,(anonymous_11)
FNF:12
FNH:0
FNDA:0,(anonymous_0)
FNDA:0,(anonymous_1)
FNDA:0,(anonymous_2)
FNDA:0,(anonymous_3)
FNDA:0,(anonymous_4)
FNDA:0,(anonymous_5)
FNDA:0,(anonymous_6)
FNDA:0,(anonymous_7)
FNDA:0,(anonymous_8)
FNDA:0,(anonymous_9)
FNDA:0,(anonymous_10)
FNDA:0,(anonymous_11)
DA:35,0
DA:40,0
DA:41,0
DA:43,0
DA:52,0
DA:53,0
DA:70,0
DA:71,0
DA:104,0
DA:109,0
DA:110,0
DA:112,0
DA:113,0
DA:114,0
DA:115,0
DA:117,0
DA:118,0
DA:119,0
DA:120,0
DA:123,0
DA:125,0
DA:130,0
DA:131,0
DA:132,0
DA:140,0
DA:141,0
DA:142,0
DA:150,0
DA:151,0
DA:152,0
DA:160,0
DA:161,0
DA:162,0
DA:195,0
DA:196,0
DA:197,0
DA:204,0
LF:37
LH:0
BRDA:53,0,0,0
BRDA:53,0,1,0
BRDA:113,1,0,0
BRDA:113,1,1,0
BRDA:117,2,0,0
BRDA:117,2,1,0
BRDA:117,3,0,0
BRDA:117,3,1,0
BRDA:119,4,0,0
BRDA:119,4,1,0
BRDA:120,5,0,0
BRDA:120,5,1,0
BRDA:123,6,0,0
BRDA:123,6,1,0
BRDA:123,6,2,0
BRDA:157,7,0,0
BRDA:157,7,1,0
BRDA:165,8,0,0
BRDA:165,8,1,0
BRF:19
BRH:0
end_of_record
TN:
SF:packages/components/features/tables/hooks/use-context.ts
FN:17,(anonymous_0)
FN:27,(anonymous_1)
FN:37,(anonymous_2)
FN:47,(anonymous_3)
FN:57,(anonymous_4)
FN:67,(anonymous_5)
FN:77,(anonymous_6)
FN:87,(anonymous_7)
FNF:8
FNH:0
FNDA:0,(anonymous_0)
FNDA:0,(anonymous_1)
FNDA:0,(anonymous_2)
FNDA:0,(anonymous_3)
FNDA:0,(anonymous_4)
FNDA:0,(anonymous_5)
FNDA:0,(anonymous_6)
FNDA:0,(anonymous_7)
DA:15,0
DA:17,0
DA:18,0
DA:19,0
DA:20,0
DA:22,0
DA:25,0
DA:27,0
DA:28,0
DA:29,0
DA:30,0
DA:32,0
DA:35,0
DA:37,0
DA:38,0
DA:39,0
DA:40,0
DA:42,0
DA:45,0
DA:47,0
DA:48,0
DA:49,0
DA:50,0
DA:52,0
DA:55,0
DA:57,0
DA:58,0
DA:59,0
DA:60,0
DA:62,0
DA:65,0
DA:67,0
DA:68,0
DA:69,0
DA:70,0
DA:72,0
DA:75,0
DA:77,0
DA:78,0
DA:79,0
DA:80,0
DA:82,0
DA:85,0
DA:87,0
DA:88,0
DA:89,0
DA:90,0
DA:92,0
LF:48
LH:0
BRDA:19,0,0,0
BRDA:19,0,1,0
BRDA:29,1,0,0
BRDA:29,1,1,0
BRDA:39,2,0,0
BRDA:39,2,1,0
BRDA:49,3,0,0
BRDA:49,3,1,0
BRDA:59,4,0,0
BRDA:59,4,1,0
BRDA:69,5,0,0
BRDA:69,5,1,0
BRDA:79,6,0,0
BRDA:79,6,1,0
BRDA:89,7,0,0
BRDA:89,7,1,0
BRF:16
BRH:0
end_of_record
TN:
SF:packages/components/features/tables/utils/csv.ts
FN:5,formatCell
FN:16,buildCsvContent
FN:18,(anonymous_2)
FN:19,(anonymous_3)
FN:19,(anonymous_4)
FN:23,downloadCsv
FNF:6
FNH:0
FNDA:0,formatCell
FNDA:0,buildCsvContent
FNDA:0,(anonymous_2)
FNDA:0,(anonymous_3)
FNDA:0,(anonymous_4)
FNDA:0,downloadCsv
DA:1,0
DA:6,0
DA:7,0
DA:8,0
DA:9,0
DA:10,0
DA:11,0
DA:13,0
DA:17,0
DA:18,0
DA:19,0
DA:20,0
DA:24,0
DA:25,0
DA:26,0
DA:27,0
DA:28,0
DA:29,0
DA:30,0
DA:31,0
DA:32,0
LF:21
LH:0
BRDA:6,0,0,0
BRDA:6,0,1,0
BRDA:6,1,0,0
BRDA:6,1,1,0
BRDA:7,2,0,0
BRDA:7,2,1,0
BRDA:8,3,0,0
BRDA:8,3,1,0
BRDA:8,4,0,0
BRDA:8,4,1,0
BRDA:10,5,0,0
BRDA:10,5,1,0
BRDA:10,6,0,0
BRDA:10,6,1,0
BRDA:10,6,2,0
BRDA:10,6,3,0
BRDA:17,7,0,0
BRDA:17,7,1,0
BRDA:25,8,0,0
BRDA:25,8,1,0
BRF:20
BRH:0
end_of_record
TN:
SF:packages/components/features/tanstack-form/index.tsx
FNF:0
FNH:0
LF:0
LH:0
BRF:0
BRH:0
end_of_record
TN:
SF:packages/components/features/tanstack-form/tanstack-form.tsx
FNF:0
FNH:0
DA:53,9
DA:113,9
LF:2
LH:2
BRF:0
BRH:0
end_of_record
TN:
SF:packages/components/features/tanstack-form/types.ts
FNF:0
FNH:0
LF:0
LH:0
BRF:0
BRH:0
end_of_record
TN:
SF:packages/components/features/tanstack-form/components/atoms/simple-array-field.tsx
FN:47,ArrayCol
FN:80,ArrayHeaderRow
FN:133,SimpleArrayField
FN:137,(anonymous_3)
FN:141,(anonymous_4)
FN:150,(anonymous_5)
FN:154,(anonymous_6)
FNF:7
FNH:0
FNDA:0,ArrayCol
FNDA:0,ArrayHeaderRow
FNDA:0,SimpleArrayField
FNDA:0,(anonymous_3)
FNDA:0,(anonymous_4)
FNDA:0,(anonymous_5)
FNDA:0,(anonymous_6)
DA:1,9
DA:48,0
DA:50,0
DA:81,0
DA:134,0
DA:135,0
DA:137,0
DA:138,0
DA:141,0
DA:143,0
DA:148,0
DA:152,0
DA:154,0
LF:13
LH:1
BRDA:48,0,0,0
BRDA:48,0,1,0
BRDA:48,1,0,0
BRDA:48,1,1,0
BRDA:133,2,0,0
BRDA:135,3,0,0
BRDA:135,3,1,0
BRF:7
BRH:0
end_of_record
TN:
SF:packages/components/features/tanstack-form/components/atoms/simple-boolean-field.tsx
FN:21,(anonymous_0)
FN:25,(anonymous_1)
FN:31,(anonymous_2)
FNF:3
FNH:0
FNDA:0,(anonymous_0)
FNDA:0,(anonymous_1)
FNDA:0,(anonymous_2)
DA:1,9
DA:21,9
DA:22,0
DA:23,0
DA:25,0
DA:27,0
DA:28,0
DA:29,0
DA:31,0
DA:33,0
DA:34,0
DA:39,0
LF:12
LH:2
BRDA:21,0,0,0
BRDA:27,1,0,0
BRDA:27,1,1,0
BRDA:28,2,0,0
BRDA:28,2,1,0
BRDA:29,3,0,0
BRDA:29,3,1,0
BRDA:33,4,0,0
BRDA:33,4,1,0
BRDA:42,5,0,0
BRDA:42,5,1,0
BRDA:47,6,0,0
BRDA:47,6,1,0
BRDA:50,7,0,0
BRDA:50,7,1,0
BRDA:54,8,0,0
BRDA:54,8,1,0
BRF:17
BRH:0
end_of_record
TN:
SF:packages/components/features/tanstack-form/components/atoms/simple-combobox-field.tsx
FN:27,(anonymous_0)
FN:31,(anonymous_1)
FN:38,(anonymous_2)
FN:46,(anonymous_3)
FN:50,(anonymous_4)
FN:85,(anonymous_5)
FNF:6
FNH:0
FNDA:0,(anonymous_0)
FNDA:0,(anonymous_1)
FNDA:0,(anonymous_2)
FNDA:0,(anonymous_3)
FNDA:0,(anonymous_4)
FNDA:0,(anonymous_5)
DA:1,9
DA:27,9
DA:28,0
DA:29,0
DA:31,0
DA:32,0
DA:33,0
DA:35,0
DA:36,0
DA:38,0
DA:41,0
DA:47,0
DA:51,0
DA:52,0
DA:63,0
DA:64,0
DA:85,0
DA:104,0
LF:18
LH:2
BRDA:35,0,0,0
BRDA:35,0,1,0
BRDA:36,1,0,0
BRDA:36,1,1,0
BRDA:42,2,0,0
BRDA:42,2,1,0
BRDA:51,3,0,0
BRDA:51,3,1,0
BRDA:63,4,0,0
BRDA:63,4,1,0
BRDA:66,5,0,0
BRDA:66,5,1,0
BRDA:69,6,0,0
BRDA:69,6,1,0
BRDA:81,7,0,0
BRDA:81,7,1,0
BRDA:82,8,0,0
BRDA:82,8,1,0
BRDA:87,9,0,0
BRDA:87,9,1,0
BRDA:93,10,0,0
BRDA:93,10,1,0
BRDA:93,10,2,0
BRDA:99,11,0,0
BRDA:99,11,1,0
BRDA:106,12,0,0
BRDA:106,12,1,0
BRDA:109,13,0,0
BRDA:109,13,1,0
BRDA:126,14,0,0
BRDA:126,14,1,0
BRDA:129,15,0,0
BRDA:129,15,1,0
BRDA:136,16,0,0
BRDA:136,16,1,0
BRF:35
BRH:0
end_of_record
TN:
SF:packages/components/features/tanstack-form/components/atoms/simple-date-field.tsx
FN:28,(anonymous_0)
FN:32,(anonymous_1)
FN:74,(anonymous_2)
FNF:3
FNH:0
FNDA:0,(anonymous_0)
FNDA:0,(anonymous_1)
FNDA:0,(anonymous_2)
DA:1,9
DA:28,9
DA:29,0
DA:30,0
DA:32,0
DA:34,0
DA:35,0
DA:37,0
DA:75,0
DA:76,0
LF:10
LH:2
BRDA:34,0,0,0
BRDA:34,0,1,0
BRDA:35,1,0,0
BRDA:35,1,1,0
BRDA:39,2,0,0
BRDA:39,2,1,0
BRDA:42,3,0,0
BRDA:42,3,1,0
BRDA:59,4,0,0
BRDA:59,4,1,0
BRDA:62,5,0,0
BRDA:62,5,1,0
BRDA:62,6,0,0
BRDA:62,6,1,0
BRDA:69,7,0,0
BRDA:69,7,1,0
BRDA:71,8,0,0
BRDA:71,8,1,0
BRDA:72,9,0,0
BRDA:72,9,1,0
BRDA:75,10,0,0
BRDA:75,10,1,0
BRDA:81,11,0,0
BRDA:81,11,1,0
BRF:24
BRH:0
end_of_record
TN:
SF:packages/components/features/tanstack-form/components/atoms/simple-email-field.tsx
FN:25,(anonymous_0)
FN:29,(anonymous_1)
FN:33,(anonymous_2)
FNF:3
FNH:0
FNDA:0,(anonymous_0)
FNDA:0,(anonymous_1)
FNDA:0,(anonymous_2)
DA:1,9
DA:25,9
DA:26,0
DA:27,0
DA:29,0
DA:31,0
DA:33,0
DA:35,0
DA:36,0
DA:37,0
DA:42,0
LF:11
LH:2
BRDA:31,0,0,0
BRDA:31,0,1,0
BRDA:35,1,0,0
BRDA:35,1,1,0
BRDA:36,2,0,0
BRDA:36,2,1,0
BRDA:36,3,0,0
BRDA:36,3,1,0
BRDA:37,4,0,0
BRDA:37,4,1,0
BRDA:44,5,0,0
BRDA:44,5,1,0
BRDA:47,6,0,0
BRDA:47,6,1,0
BRDA:55,7,0,0
BRDA:55,7,1,0
BRDA:59,8,0,0
BRDA:59,8,1,0
BRDA:68,9,0,0
BRDA:68,9,1,0
BRF:20
BRH:0
end_of_record
TN:
SF:packages/components/features/tanstack-form/components/atoms/simple-number-field.tsx
FN:22,(anonymous_0)
FN:26,(anonymous_1)
FN:30,(anonymous_2)
FNF:3
FNH:0
FNDA:0,(anonymous_0)
FNDA:0,(anonymous_1)
FNDA:0,(anonymous_2)
DA:1,9
DA:22,9
DA:23,0
DA:24,0
DA:26,0
DA:28,0
DA:30,0
DA:32,0
DA:33,0
DA:38,0
LF:10
LH:2
BRDA:28,0,0,0
BRDA:28,0,1,0
BRDA:32,1,0,0
BRDA:32,1,1,0
BRDA:40,2,0,0
BRDA:40,2,1,0
BRDA:43,3,0,0
BRDA:43,3,1,0
BRDA:52,4,0,0
BRDA:52,4,1,0
BRDA:56,5,0,0
BRDA:56,5,1,0
BRF:12
BRH:0
end_of_record
TN:
SF:packages/components/features/tanstack-form/components/atoms/simple-password-field.tsx
FN:22,(anonymous_0)
FN:26,(anonymous_1)
FN:32,(anonymous_2)
FN:32,(anonymous_3)
FN:34,(anonymous_4)
FNF:5
FNH:0
FNDA:0,(anonymous_0)
FNDA:0,(anonymous_1)
FNDA:0,(anonymous_2)
FNDA:0,(anonymous_3)
FNDA:0,(anonymous_4)
DA:1,9
DA:22,9
DA:23,0
DA:24,0
DA:26,0
DA:28,0
DA:30,0
DA:32,0
DA:34,0
DA:36,0
DA:37,0
DA:42,0
LF:12
LH:2
BRDA:30,0,0,0
BRDA:30,0,1,0
BRDA:36,1,0,0
BRDA:36,1,1,0
BRDA:37,2,0,0
BRDA:37,2,1,0
BRDA:44,3,0,0
BRDA:44,3,1,0
BRDA:47,4,0,0
BRDA:47,4,1,0
BRDA:54,5,0,0
BRDA:54,5,1,0
BRDA:55,6,0,0
BRDA:55,6,1,0
BRDA:59,7,0,0
BRDA:59,7,1,0
BRDA:67,8,0,0
BRDA:67,8,1,0
BRDA:71,9,0,0
BRDA:71,9,1,0
BRDA:74,10,0,0
BRDA:74,10,1,0
BRDA:77,11,0,0
BRDA:77,11,1,0
BRF:24
BRH:0
end_of_record
TN:
SF:packages/components/features/tanstack-form/components/atoms/simple-radio-group-field.tsx
FN:19,(anonymous_0)
FN:22,(anonymous_1)
FN:44,(anonymous_2)
FNF:3
FNH:0
FNDA:0,(anonymous_0)
FNDA:0,(anonymous_1)
FNDA:0,(anonymous_2)
DA:1,9
DA:19,9
DA:20,0
DA:22,0
DA:24,0
DA:25,0
DA:27,0
DA:45,0
LF:8
LH:2
BRDA:19,0,0,0
BRDA:24,1,0,0
BRDA:24,1,1,0
BRDA:25,2,0,0
BRDA:25,2,1,0
BRDA:29,3,0,0
BRDA:29,3,1,0
BRDA:32,4,0,0
BRDA:32,4,1,0
BRDA:37,5,0,0
BRDA:37,5,1,0
BRDA:40,6,0,0
BRDA:40,6,1,0
BRDA:53,7,0,0
BRDA:53,7,1,0
BRF:15
BRH:0
end_of_record
TN:
SF:packages/components/features/tanstack-form/components/atoms/simple-select-field.tsx
FN:25,(anonymous_0)
FN:32,(anonymous_1)
FN:55,(anonymous_2)
FN:67,(anonymous_3)
FN:76,(anonymous_4)
FN:114,(anonymous_5)
FNF:6
FNH:0
FNDA:0,(anonymous_0)
FNDA:0,(anonymous_1)
FNDA:0,(anonymous_2)
FNDA:0,(anonymous_3)
FNDA:0,(anonymous_4)
FNDA:0,(anonymous_5)
DA:1,9
DA:25,9
DA:26,0
DA:27,0
DA:28,0
DA:29,0
DA:31,0
DA:32,0
DA:34,0
DA:35,0
DA:55,0
DA:68,0
DA:77,0
DA:78,0
DA:100,0
DA:115,0
LF:16
LH:2
BRDA:31,0,0,0
BRDA:31,0,1,0
BRDA:34,1,0,0
BRDA:34,1,1,0
BRDA:37,2,0,0
BRDA:37,2,1,0
BRDA:40,3,0,0
BRDA:40,3,1,0
BRDA:50,4,0,0
BRDA:50,4,1,0
BRDA:51,5,0,0
BRDA:51,5,1,0
BRDA:57,6,0,0
BRDA:57,6,1,0
BRDA:63,7,0,0
BRDA:63,7,1,0
BRDA:63,7,2,0
BRDA:66,8,0,0
BRDA:66,8,1,0
BRDA:74,9,0,0
BRDA:74,9,1,0
BRDA:95,10,0,0
BRDA:95,10,1,0
BRDA:102,11,0,0
BRDA:102,11,1,0
BRDA:105,12,0,0
BRDA:105,12,1,0
BRDA:108,13,0,0
BRDA:108,13,1,0
BRDA:109,14,0,0
BRDA:109,14,1,0
BRDA:113,15,0,0
BRDA:113,15,1,0
BRDA:127,16,0,0
BRDA:127,16,1,0
BRF:35
BRH:0
end_of_record
TN:
SF:packages/components/features/tanstack-form/components/atoms/simple-text-field.tsx
FN:15,(anonymous_0)
FN:19,(anonymous_1)
FN:23,(anonymous_2)
FNF:3
FNH:3
FNDA:21,(anonymous_0)
FNDA:72,(anonymous_1)
FNDA:11,(anonymous_2)
DA:1,9
DA:15,9
DA:16,21
DA:17,21
DA:19,72
DA:21,21
DA:23,21
DA:25,11
DA:26,11
DA:27,8
DA:32,21
LF:11
LH:11
BRDA:21,0,0,21
BRDA:21,0,1,9
BRDA:25,1,0,0
BRDA:25,1,1,11
BRDA:26,2,0,3
BRDA:26,2,1,8
BRDA:26,3,0,11
BRDA:26,3,1,6
BRDA:27,4,0,8
BRDA:27,4,1,0
BRDA:34,5,0,21
BRDA:34,5,1,3
BRDA:37,6,0,3
BRDA:37,6,1,1
BRDA:43,7,0,21
BRDA:43,7,1,12
BRDA:47,8,0,21
BRDA:47,8,1,20
BRDA:51,9,0,21
BRDA:51,9,1,1
BRF:20
BRH:18
end_of_record
TN:
SF:packages/components/features/tanstack-form/components/atoms/simple-textarea-field.tsx
FN:22,(anonymous_0)
FN:26,(anonymous_1)
FN:30,(anonymous_2)
FNF:3
FNH:0
FNDA:0,(anonymous_0)
FNDA:0,(anonymous_1)
FNDA:0,(anonymous_2)
DA:1,9
DA:22,9
DA:23,0
DA:24,0
DA:26,0
DA:28,0
DA:30,0
DA:32,0
DA:33,0
DA:34,0
DA:39,0
LF:11
LH:2
BRDA:28,0,0,0
BRDA:28,0,1,0
BRDA:32,1,0,0
BRDA:32,1,1,0
BRDA:33,2,0,0
BRDA:33,2,1,0
BRDA:33,3,0,0
BRDA:33,3,1,0
BRDA:34,4,0,0
BRDA:34,4,1,0
BRDA:41,5,0,0
BRDA:41,5,1,0
BRDA:44,6,0,0
BRDA:44,6,1,0
BRDA:50,7,0,0
BRDA:50,7,1,0
BRDA:54,8,0,0
BRDA:54,8,1,0
BRDA:58,9,0,0
BRDA:58,9,1,0
BRF:20
BRH:0
end_of_record
TN:
SF:packages/components/features/tanstack-form/components/fields/checkbox-field.tsx
FN:31,(anonymous_0)
FN:33,(anonymous_1)
FN:48,(anonymous_2)
FN:56,(anonymous_3)
FNF:4
FNH:0
FNDA:0,(anonymous_0)
FNDA:0,(anonymous_1)
FNDA:0,(anonymous_2)
FNDA:0,(anonymous_3)
DA:1,9
DA:31,9
DA:32,0
DA:33,0
DA:35,0
DA:49,0
DA:57,0
DA:58,0
DA:59,0
DA:60,0
DA:61,0
DA:62,0
DA:63,0
DA:65,0
LF:14
LH:2
BRDA:41,0,0,0
BRDA:41,0,1,0
BRDA:54,1,0,0
BRDA:54,1,1,0
BRDA:57,2,0,0
BRDA:57,2,1,0
BRDA:57,3,0,0
BRDA:57,3,1,0
BRDA:59,4,0,0
BRDA:59,4,1,0
BRDA:59,5,0,0
BRDA:59,5,1,0
BRDA:61,6,0,0
BRDA:61,6,1,0
BRDA:61,7,0,0
BRDA:61,7,1,0
BRDA:63,8,0,0
BRDA:63,8,1,0
BRF:18
BRH:0
end_of_record
TN:
SF:packages/components/features/tanstack-form/components/fields/combobox-field.tsx
FN:33,(anonymous_0)
FN:52,(anonymous_1)
FN:60,(anonymous_2)
FN:62,(anonymous_3)
FN:67,(anonymous_4)
FN:99,(anonymous_5)
FN:103,(anonymous_6)
FN:132,(anonymous_7)
FNF:8
FNH:0
FNDA:0,(anonymous_0)
FNDA:0,(anonymous_1)
FNDA:0,(anonymous_2)
FNDA:0,(anonymous_3)
FNDA:0,(anonymous_4)
FNDA:0,(anonymous_5)
FNDA:0,(anonymous_6)
FNDA:0,(anonymous_7)
DA:1,9
DA:33,9
DA:47,0
DA:48,0
DA:49,0
DA:50,0
DA:52,0
DA:53,0
DA:55,0
DA:56,0
DA:57,0
DA:58,0
DA:60,0
DA:62,0
DA:63,0
DA:64,0
DA:67,0
DA:68,0
DA:94,0
DA:100,0
DA:104,0
DA:105,0
DA:116,0
DA:132,0
DA:188,9
LF:25
LH:3
BRDA:40,0,0,0
BRDA:42,1,0,0
BRDA:43,2,0,0
BRDA:44,3,0,0
BRDA:45,4,0,0
BRDA:53,5,0,0
BRDA:53,5,1,0
BRDA:55,6,0,0
BRDA:55,6,1,0
BRDA:56,7,0,0
BRDA:56,7,1,0
BRDA:57,8,0,0
BRDA:57,8,1,0
BRDA:58,9,0,0
BRDA:58,9,1,0
BRDA:58,9,2,0
BRDA:73,10,0,0
BRDA:73,10,1,0
BRDA:80,11,0,0
BRDA:80,11,1,0
BRDA:81,12,0,0
BRDA:81,12,1,0
BRDA:85,13,0,0
BRDA:85,13,1,0
BRDA:95,14,0,0
BRDA:95,14,1,0
BRDA:122,15,0,0
BRDA:122,15,1,0
BRDA:130,16,0,0
BRDA:130,16,1,0
BRDA:139,17,0,0
BRDA:139,17,1,0
BRDA:165,18,0,0
BRDA:165,18,1,0
BRDA:177,19,0,0
BRDA:177,19,1,0
BRDA:177,19,2,0
BRF:37
BRH:0
end_of_record
TN:
SF:packages/components/features/tanstack-form/components/fields/date-field.tsx
FN:37,(anonymous_0)
FN:50,(anonymous_1)
FN:55,(anonymous_2)
FN:101,(anonymous_3)
FN:112,(anonymous_4)
FN:123,(anonymous_5)
FN:134,(anonymous_6)
FN:145,(anonymous_7)
FN:156,(anonymous_8)
FN:167,(anonymous_9)
FN:178,(anonymous_10)
FN:194,(anonymous_11)
FNF:12
FNH:0
FNDA:0,(anonymous_0)
FNDA:0,(anonymous_1)
FNDA:0,(anonymous_2)
FNDA:0,(anonymous_3)
FNDA:0,(anonymous_4)
FNDA:0,(anonymous_5)
FNDA:0,(anonymous_6)
FNDA:0,(anonymous_7)
FNDA:0,(anonymous_8)
FNDA:0,(anonymous_9)
FNDA:0,(anonymous_10)
FNDA:0,(anonymous_11)
DA:1,9
DA:37,9
DA:48,0
DA:50,0
DA:51,0
DA:52,0
DA:55,0
DA:56,0
DA:59,0
DA:102,0
DA:113,0
DA:124,0
DA:135,0
DA:146,0
DA:157,0
DA:168,0
DA:179,0
DA:195,0
DA:196,0
LF:19
LH:2
BRDA:41,0,0,0
BRDA:51,1,0,0
BRDA:51,1,1,0
BRDA:56,2,0,0
BRDA:56,2,1,0
BRDA:65,3,0,0
BRDA:65,3,1,0
BRDA:87,4,0,0
BRDA:87,4,1,0
BRDA:90,5,0,0
BRDA:90,5,1,0
BRDA:90,6,0,0
BRDA:90,6,1,0
BRDA:189,7,0,0
BRDA:189,7,1,0
BRDA:191,8,0,0
BRDA:191,8,1,0
BRDA:192,9,0,0
BRDA:192,9,1,0
BRDA:195,10,0,0
BRDA:195,10,1,0
BRF:21
BRH:0
end_of_record
TN:
SF:packages/components/features/tanstack-form/components/fields/email-field.tsx
FN:45,(anonymous_0)
FN:58,(anonymous_1)
FN:64,(anonymous_2)
FN:73,(anonymous_3)
FNF:4
FNH:4
FNDA:40,(anonymous_0)
FNDA:152,(anonymous_1)
FNDA:30,(anonymous_2)
FNDA:1,(anonymous_3)
DA:1,9
DA:45,9
DA:56,40
DA:58,152
DA:60,40
DA:61,40
DA:62,40
DA:64,40
DA:66,30
DA:67,30
DA:68,30
DA:73,40
DA:74,1
DA:75,1
DA:78,40
LF:15
LH:15
BRDA:51,0,0,40
BRDA:52,1,0,40
BRDA:53,2,0,40
BRDA:60,3,0,40
BRDA:60,3,1,32
BRDA:60,3,2,32
BRDA:61,4,0,40
BRDA:61,4,1,0
BRDA:62,5,0,40
BRDA:62,5,1,40
BRDA:66,6,0,0
BRDA:66,6,1,30
BRDA:67,7,0,0
BRDA:67,7,1,30
BRDA:67,8,0,30
BRDA:67,8,1,0
BRDA:68,9,0,30
BRDA:68,9,1,0
BRDA:74,10,0,0
BRDA:74,10,1,1
BRDA:84,11,0,40
BRDA:84,11,1,0
BRDA:92,12,0,8
BRDA:92,12,1,32
BRDA:96,13,0,40
BRDA:96,13,1,32
BRDA:96,14,0,40
BRDA:96,14,1,0
BRDA:104,15,0,40
BRDA:104,15,1,32
BRDA:116,16,0,40
BRDA:116,16,1,40
BRDA:116,16,2,32
BRF:33
BRH:25
end_of_record
TN:
SF:packages/components/features/tanstack-form/components/fields/number-field.tsx
FN:48,(anonymous_0)
FN:67,(anonymous_1)
FN:72,(anonymous_2)
FNF:3
FNH:2
FNDA:3,(anonymous_0)
FNDA:9,(anonymous_1)
FNDA:0,(anonymous_2)
DA:1,9
DA:48,9
DA:65,3
DA:67,9
DA:69,3
DA:70,3
DA:72,3
DA:74,0
DA:75,0
DA:80,3
LF:10
LH:8
BRDA:55,0,0,3
BRDA:56,1,0,3
BRDA:70,2,0,0
BRDA:70,2,1,3
BRDA:74,3,0,0
BRDA:74,3,1,0
BRDA:82,4,0,3
BRDA:82,4,1,0
BRDA:86,5,0,3
BRDA:86,5,1,0
BRDA:96,6,0,3
BRDA:96,6,1,0
BRDA:96,6,2,0
BRDA:103,7,0,3
BRDA:103,7,1,0
BRDA:107,8,0,3
BRDA:107,8,1,0
BRDA:112,9,0,3
BRDA:112,9,1,0
BRDA:112,9,2,0
BRDA:112,9,3,0
BRDA:118,10,0,3
BRDA:118,10,1,0
BRDA:118,10,2,0
BRF:24
BRH:10
end_of_record
TN:
SF:packages/components/features/tanstack-form/components/fields/password-field.tsx
FN:44,(anonymous_0)
FN:56,(anonymous_1)
FN:62,(anonymous_2)
FN:62,(anonymous_3)
FN:64,(anonymous_4)
FNF:5
FNH:0
FNDA:0,(anonymous_0)
FNDA:0,(anonymous_1)
FNDA:0,(anonymous_2)
FNDA:0,(anonymous_3)
FNDA:0,(anonymous_4)
DA:1,9
DA:44,9
DA:53,0
DA:54,0
DA:56,0
DA:58,0
DA:60,0
DA:62,0
DA:64,0
DA:66,0
DA:67,0
DA:72,0
LF:12
LH:2
BRDA:48,0,0,0
BRDA:51,1,0,0
BRDA:60,2,0,0
BRDA:60,2,1,0
BRDA:60,2,2,0
BRDA:66,3,0,0
BRDA:66,3,1,0
BRDA:67,4,0,0
BRDA:67,4,1,0
BRDA:78,5,0,0
BRDA:78,5,1,0
BRDA:86,6,0,0
BRDA:86,6,1,0
BRDA:88,7,0,0
BRDA:88,7,1,0
BRDA:99,8,0,0
BRDA:99,8,1,0
BRDA:103,9,0,0
BRDA:103,9,1,0
BRDA:107,10,0,0
BRDA:107,10,1,0
BRDA:107,10,2,0
BRF:22
BRH:0
end_of_record
TN:
SF:packages/components/features/tanstack-form/components/fields/radio-group-field.tsx
FN:24,(anonymous_0)
FN:26,(anonymous_1)
FN:42,(anonymous_2)
FNF:3
FNH:3
FNDA:9,(anonymous_0)
FNDA:29,(anonymous_1)
FNDA:27,(anonymous_2)
DA:1,9
DA:24,9
DA:25,9
DA:26,29
DA:28,9
DA:43,27
LF:6
LH:6
BRDA:34,0,0,9
BRDA:34,0,1,0
BRDA:41,1,0,9
BRDA:41,1,1,5
BRDA:47,2,0,27
BRDA:47,2,1,4
BRDA:48,3,0,27
BRDA:48,3,1,0
BRDA:49,4,0,27
BRDA:49,4,1,4
BRDA:49,4,2,0
BRF:11
BRH:8
end_of_record
TN:
SF:packages/components/features/tanstack-form/components/fields/select-field.tsx
FN:31,(anonymous_0)
FN:50,(anonymous_1)
FN:58,(anonymous_2)
FN:60,(anonymous_3)
FN:86,(anonymous_4)
FN:121,(anonymous_5)
FN:130,(anonymous_6)
FN:157,(anonymous_7)
FNF:8
FNH:0
FNDA:0,(anonymous_0)
FNDA:0,(anonymous_1)
FNDA:0,(anonymous_2)
FNDA:0,(anonymous_3)
FNDA:0,(anonymous_4)
FNDA:0,(anonymous_5)
FNDA:0,(anonymous_6)
FNDA:0,(anonymous_7)
DA:1,9
DA:31,9
DA:45,0
DA:46,0
DA:47,0
DA:48,0
DA:50,0
DA:51,0
DA:53,0
DA:54,0
DA:55,0
DA:56,0
DA:58,0
DA:60,0
DA:61,0
DA:62,0
DA:65,0
DA:86,0
DA:122,0
DA:131,0
DA:132,0
DA:158,0
DA:195,9
LF:23
LH:3
BRDA:36,0,0,0
BRDA:40,1,0,0
BRDA:41,2,0,0
BRDA:42,3,0,0
BRDA:43,4,0,0
BRDA:51,5,0,0
BRDA:51,5,1,0
BRDA:53,6,0,0
BRDA:53,6,1,0
BRDA:54,7,0,0
BRDA:54,7,1,0
BRDA:55,8,0,0
BRDA:55,8,1,0
BRDA:56,9,0,0
BRDA:56,9,1,0
BRDA:56,9,2,0
BRDA:71,10,0,0
BRDA:71,10,1,0
BRDA:77,11,0,0
BRDA:77,11,1,0
BRDA:83,12,0,0
BRDA:83,12,1,0
BRDA:94,13,0,0
BRDA:94,13,1,0
BRDA:95,14,0,0
BRDA:95,14,1,0
BRDA:98,15,0,0
BRDA:98,15,1,0
BRDA:105,16,0,0
BRDA:105,16,1,0
BRDA:105,16,2,0
BRDA:108,17,0,0
BRDA:108,17,1,0
BRDA:120,18,0,0
BRDA:120,18,1,0
BRDA:128,19,0,0
BRDA:128,19,1,0
BRDA:151,20,0,0
BRDA:151,20,1,0
BRDA:152,21,0,0
BRDA:152,21,1,0
BRDA:156,22,0,0
BRDA:156,22,1,0
BRDA:171,23,0,0
BRDA:171,23,1,0
BRDA:184,24,0,0
BRDA:184,24,1,0
BRDA:184,24,2,0
BRF:48
BRH:0
end_of_record
TN:
SF:packages/components/features/tanstack-form/components/fields/switch-field.tsx
FN:26,(anonymous_0)
FNF:1
FNH:1
FNDA:8,(anonymous_0)
DA:1,9
DA:26,9
DA:27,8
DA:29,8
LF:4
LH:4
BRDA:39,0,0,8
BRDA:39,0,1,4
BRF:2
BRH:2
end_of_record
TN:
SF:packages/components/features/tanstack-form/components/fields/text-editor-field.tsx
FN:14,(anonymous_0)
FN:17,(anonymous_1)
FN:22,(anonymous_2)
FNF:3
FNH:0
FNDA:0,(anonymous_0)
FNDA:0,(anonymous_1)
FNDA:0,(anonymous_2)
DA:1,9
DA:14,9
DA:15,0
DA:17,0
DA:19,0
DA:20,0
DA:22,0
DA:24,0
DA:25,0
DA:30,0
DA:48,9
LF:11
LH:3
BRDA:14,0,0,0
BRDA:14,1,0,0
BRDA:19,2,0,0
BRDA:19,2,1,0
BRDA:19,2,2,0
BRDA:20,3,0,0
BRDA:20,3,1,0
BRDA:24,4,0,0
BRDA:24,4,1,0
BRDA:25,5,0,0
BRDA:25,5,1,0
BRDA:36,6,0,0
BRDA:36,6,1,0
BRDA:40,7,0,0
BRDA:40,7,1,0
BRDA:41,8,0,0
BRDA:41,8,1,0
BRDA:41,8,2,0
BRDA:41,8,3,0
BRF:19
BRH:0
end_of_record
TN:
SF:packages/components/features/tanstack-form/components/fields/text-field.tsx
FN:35,(anonymous_0)
FN:109,(anonymous_1)
FN:131,(anonymous_2)
FN:149,(anonymous_3)
FN:157,(anonymous_4)
FNF:5
FNH:5
FNDA:41,(anonymous_0)
FNDA:69,(anonymous_1)
FNDA:248,(anonymous_2)
FNDA:39,(anonymous_3)
FNDA:2,(anonymous_4)
DA:1,9
DA:29,9
DA:32,9
DA:35,9
DA:36,41
DA:109,9
DA:126,69
DA:127,69
DA:128,69
DA:129,69
DA:131,248
DA:132,69
DA:134,69
DA:135,69
DA:136,69
DA:137,69
DA:138,69
DA:141,69
DA:142,69
DA:143,69
DA:144,69
DA:147,69
DA:149,69
DA:151,39
DA:152,36
DA:157,69
DA:158,2
DA:159,2
DA:162,69
DA:234,9
LF:30
LH:30
BRDA:36,0,0,1
BRDA:36,0,1,40
BRDA:117,1,0,69
BRDA:118,2,0,69
BRDA:119,3,0,69
BRDA:120,4,0,69
BRDA:122,5,0,69
BRDA:123,6,0,69
BRDA:132,7,0,69
BRDA:132,7,1,67
BRDA:134,8,0,69
BRDA:134,8,1,31
BRDA:135,9,0,69
BRDA:135,9,1,40
BRDA:136,10,0,69
BRDA:136,10,1,2
BRDA:138,11,0,69
BRDA:138,11,1,7
BRDA:138,11,2,6
BRDA:141,12,0,30
BRDA:141,12,1,39
BRDA:141,13,0,30
BRDA:141,13,1,6
BRDA:142,14,0,69
BRDA:142,14,1,30
BRDA:142,14,2,25
BRDA:143,15,0,69
BRDA:143,15,1,30
BRDA:143,15,2,25
BRDA:144,16,0,30
BRDA:144,16,1,39
BRDA:144,17,0,25
BRDA:144,17,1,5
BRDA:147,18,0,69
BRDA:147,18,1,39
BRDA:147,18,2,16
BRDA:151,19,0,3
BRDA:151,19,1,36
BRDA:151,20,0,39
BRDA:151,20,1,27
BRDA:151,20,2,24
BRDA:152,21,0,36
BRDA:152,21,1,1
BRDA:168,22,0,69
BRDA:168,22,1,0
BRDA:170,23,0,69
BRDA:170,23,1,1
BRDA:177,24,0,69
BRDA:177,24,1,26
BRDA:185,25,0,69
BRDA:185,25,1,2
BRDA:190,26,0,69
BRDA:190,26,1,3
BRDA:200,27,0,69
BRDA:200,27,1,0
BRDA:205,28,0,69
BRDA:205,28,1,66
BRDA:205,28,2,40
BRDA:205,28,3,39
BRDA:205,28,4,2
BRDA:210,29,0,69
BRDA:210,29,1,45
BRDA:212,30,0,39
BRDA:212,30,1,6
BRDA:212,31,0,45
BRDA:212,31,1,39
BRDA:213,32,0,45
BRDA:213,32,1,30
BRDA:217,33,0,2
BRDA:217,33,1,28
BRDA:217,34,0,2
BRDA:217,34,1,26
BRF:72
BRH:70
end_of_record
TN:
SF:packages/components/features/tanstack-form/components/fields/textarea-field.tsx
FN:29,(anonymous_0)
FN:50,(anonymous_1)
FN:55,(anonymous_2)
FN:70,(anonymous_3)
FN:79,(anonymous_4)
FN:83,(anonymous_5)
FNF:6
FNH:4
FNDA:21,(anonymous_0)
FNDA:75,(anonymous_1)
FNDA:21,(anonymous_2)
FNDA:12,(anonymous_3)
FNDA:0,(anonymous_4)
FNDA:0,(anonymous_5)
DA:1,9
DA:29,9
DA:45,21
DA:46,21
DA:47,21
DA:48,21
DA:50,75
DA:51,21
DA:53,21
DA:55,21
DA:56,21
DA:57,9
DA:58,3
DA:61,21
DA:62,21
DA:63,21
DA:64,21
DA:65,21
DA:67,21
DA:68,21
DA:70,21
DA:72,12
DA:73,12
DA:74,12
DA:79,21
DA:80,0
DA:81,0
DA:82,0
DA:83,0
DA:86,21
DA:161,9
LF:31
LH:27
BRDA:37,0,0,21
BRDA:38,1,0,21
BRDA:39,2,0,21
BRDA:41,3,0,21
BRDA:42,4,0,21
BRDA:51,5,0,21
BRDA:51,5,1,20
BRDA:53,6,0,14
BRDA:53,6,1,7
BRDA:56,7,0,12
BRDA:56,7,1,9
BRDA:57,8,0,6
BRDA:57,8,1,3
BRDA:57,9,0,9
BRDA:57,9,1,9
BRDA:61,10,0,21
BRDA:61,10,1,9
BRDA:62,11,0,21
BRDA:62,11,1,12
BRDA:63,12,0,21
BRDA:63,12,1,0
BRDA:65,13,0,21
BRDA:65,13,1,14
BRDA:67,14,0,21
BRDA:67,14,1,6
BRDA:68,15,0,21
BRDA:68,15,1,6
BRDA:72,16,0,0
BRDA:72,16,1,12
BRDA:73,17,0,0
BRDA:73,17,1,12
BRDA:73,18,0,12
BRDA:73,18,1,7
BRDA:73,18,2,5
BRDA:74,19,0,12
BRDA:74,19,1,0
BRDA:80,20,0,0
BRDA:80,20,1,0
BRDA:92,21,0,21
BRDA:92,21,1,0
BRDA:100,22,0,21
BRDA:100,22,1,7
BRDA:108,23,0,21
BRDA:108,23,1,1
BRDA:112,24,0,21
BRDA:112,24,1,14
BRDA:119,25,0,0
BRDA:119,25,1,14
BRDA:129,26,0,21
BRDA:129,26,1,0
BRDA:134,27,0,21
BRDA:134,27,1,7
BRDA:134,27,2,0
BRDA:134,27,3,0
BRDA:134,27,4,0
BRDA:140,28,0,12
BRDA:140,28,1,9
BRDA:140,29,0,21
BRDA:140,29,1,12
BRDA:141,30,0,21
BRDA:141,30,1,9
BRDA:145,31,0,0
BRDA:145,31,1,9
BRDA:145,32,0,0
BRDA:145,32,1,9
BRF:65
BRH:51
end_of_record
TN:
SF:packages/components/features/tanstack-form/components/forms/action-submit.tsx
FN:18,(anonymous_0)
FN:26,(anonymous_1)
FN:33,(anonymous_2)
FN:37,(anonymous_3)
FNF:4
FNH:3
FNDA:3,(anonymous_0)
FNDA:0,(anonymous_1)
FNDA:3,(anonymous_2)
FNDA:3,(anonymous_3)
DA:18,9
DA:24,3
DA:26,3
DA:27,0
DA:28,0
DA:29,0
DA:31,3
DA:33,3
DA:38,3
LF:9
LH:6
BRDA:28,0,0,0
BRDA:28,0,1,0
BRDA:34,1,0,3
BRDA:34,1,1,0
BRDA:34,1,2,0
BRDA:34,1,3,0
BRDA:34,1,4,0
BRDA:34,1,5,0
BRDA:40,2,0,3
BRDA:40,2,1,2
BRF:10
BRH:3
end_of_record
TN:
SF:packages/components/features/tanstack-form/components/forms/actions-form.tsx
FN:19,(anonymous_0)
FN:34,(anonymous_1)
FN:37,(anonymous_2)
FN:39,(anonymous_3)
FN:47,(anonymous_4)
FN:51,(anonymous_5)
FN:59,(anonymous_6)
FN:74,(anonymous_7)
FN:78,(anonymous_8)
FN:86,(anonymous_9)
FNF:10
FNH:7
FNDA:7,(anonymous_0)
FNDA:7,(anonymous_1)
FNDA:7,(anonymous_2)
FNDA:0,(anonymous_3)
FNDA:4,(anonymous_4)
FNDA:4,(anonymous_5)
FNDA:0,(anonymous_6)
FNDA:3,(anonymous_7)
FNDA:3,(anonymous_8)
FNDA:0,(anonymous_9)
DA:19,9
DA:30,7
DA:31,7
DA:34,7
DA:38,7
DA:39,0
DA:47,4
DA:52,4
DA:60,0
DA:61,0
DA:62,0
DA:74,3
DA:79,3
DA:87,0
DA:88,0
DA:89,0
LF:16
LH:9
BRDA:29,0,0,7
BRDA:35,1,0,7
BRDA:35,1,1,0
BRDA:45,2,0,7
BRDA:45,2,1,4
BRDA:48,3,0,4
BRDA:48,3,1,0
BRDA:48,3,2,0
BRDA:48,3,3,0
BRDA:48,3,4,0
BRDA:48,3,5,0
BRDA:61,4,0,0
BRDA:61,4,1,0
BRDA:72,5,0,7
BRDA:72,5,1,3
BRDA:75,6,0,3
BRDA:75,6,1,0
BRDA:75,6,2,0
BRDA:75,6,3,0
BRDA:75,6,4,0
BRDA:75,6,5,0
BRDA:88,7,0,0
BRDA:88,7,1,0
BRF:23
BRH:8
end_of_record
TN:
SF:packages/components/features/tanstack-form/components/forms/card-form.tsx
FN:23,(anonymous_0)
FN:49,(anonymous_1)
FNF:2
FNH:0
FNDA:0,(anonymous_0)
FNDA:0,(anonymous_1)
DA:1,9
DA:23,9
DA:33,0
DA:50,0
DA:51,0
DA:52,0
LF:6
LH:2
BRDA:37,0,0,0
BRDA:37,0,1,0
BRDA:43,1,0,0
BRDA:43,1,1,0
BRF:4
BRH:0
end_of_record
TN:
SF:packages/components/features/tanstack-form/components/forms/container-form.tsx
FN:13,(anonymous_0)
FNF:1
FNH:0
FNDA:0,(anonymous_0)
DA:13,9
DA:14,0
LF:2
LH:1
BRF:0
BRH:0
end_of_record
TN:
SF:packages/components/features/tanstack-form/components/forms/dialog-form.tsx
FN:31,(anonymous_0)
FN:51,(anonymous_1)
FN:76,(anonymous_2)
FN:93,(anonymous_3)
FN:94,(anonymous_4)
FN:97,(anonymous_5)
FN:105,(anonymous_6)
FN:109,(anonymous_7)
FN:110,(anonymous_8)
FNF:9
FNH:0
FNDA:0,(anonymous_0)
FNDA:0,(anonymous_1)
FNDA:0,(anonymous_2)
FNDA:0,(anonymous_3)
FNDA:0,(anonymous_4)
FNDA:0,(anonymous_5)
FNDA:0,(anonymous_6)
FNDA:0,(anonymous_7)
FNDA:0,(anonymous_8)
DA:1,9
DA:31,9
DA:49,0
DA:51,0
DA:53,0
DA:54,0
DA:59,0
DA:78,0
DA:93,0
DA:95,0
DA:98,0
DA:99,0
DA:105,0
DA:110,0
LF:14
LH:2
BRDA:53,0,0,0
BRDA:53,0,1,0
BRDA:72,1,0,0
BRDA:72,1,1,0
BRDA:73,2,0,0
BRDA:73,2,1,0
BRDA:107,3,0,0
BRDA:107,3,1,0
BRDA:107,3,2,0
BRDA:107,3,3,0
BRDA:107,3,4,0
BRF:11
BRH:0
end_of_record
TN:
SF:packages/components/features/tanstack-form/components/forms/group-field.tsx
FN:27,(anonymous_0)
FNF:1
FNH:0
FNDA:0,(anonymous_0)
DA:27,9
DA:46,0
LF:2
LH:1
BRDA:43,0,0,0
BRF:1
BRH:0
end_of_record
TN:
SF:packages/components/features/tanstack-form/components/forms/popover-form.tsx
FN:26,(anonymous_0)
FN:69,(anonymous_1)
FN:73,(anonymous_2)
FN:74,(anonymous_3)
FN:78,(anonymous_4)
FN:79,(anonymous_5)
FN:83,(anonymous_6)
FNF:7
FNH:0
FNDA:0,(anonymous_0)
FNDA:0,(anonymous_1)
FNDA:0,(anonymous_2)
FNDA:0,(anonymous_3)
FNDA:0,(anonymous_4)
FNDA:0,(anonymous_5)
FNDA:0,(anonymous_6)
DA:1,9
DA:26,9
DA:38,0
DA:40,0
DA:69,0
DA:74,0
DA:78,0
DA:80,0
DA:84,0
DA:85,0
LF:10
LH:2
BRDA:71,0,0,0
BRDA:71,0,1,0
BRDA:71,0,2,0
BRDA:71,0,3,0
BRDA:71,0,4,0
BRDA:78,1,0,0
BRDA:78,1,1,0
BRF:7
BRH:0
end_of_record
TN:
SF:packages/components/features/tanstack-form/components/forms/section-form.tsx
FN:8,(anonymous_0)
FN:19,(anonymous_1)
FN:38,(anonymous_2)
FNF:3
FNH:0
FNDA:0,(anonymous_0)
FNDA:0,(anonymous_1)
FNDA:0,(anonymous_2)
DA:1,9
DA:8,9
DA:9,0
DA:19,9
DA:20,0
DA:38,9
DA:44,0
LF:7
LH:4
BRF:0
BRH:0
end_of_record
TN:
SF:packages/components/features/tanstack-form/components/forms/title-field.tsx
FN:15,(anonymous_0)
FNF:1
FNH:0
FNDA:0,(anonymous_0)
DA:15,9
DA:23,0
LF:2
LH:1
BRF:0
BRH:0
end_of_record
TN:
SF:packages/components/features/tanstack-form/components/ui/badge.tsx
FN:54,(anonymous_0)
FNF:1
FNH:0
FNDA:0,(anonymous_0)
DA:3,0
DA:54,0
DA:55,0
LF:3
LH:0
BRDA:57,0,0,0
BRDA:57,0,1,0
BRF:2
BRH:0
end_of_record
TN:
SF:packages/components/features/tanstack-form/components/ui/cancel-button.tsx
FN:15,(anonymous_0)
FNF:1
FNH:0
FNDA:0,(anonymous_0)
DA:1,9
DA:15,9
DA:16,0
LF:3
LH:2
BRDA:25,0,0,0
BRDA:25,0,1,0
BRF:2
BRH:0
end_of_record
TN:
SF:packages/components/features/tanstack-form/components/ui/combobox.tsx
FN:26,(anonymous_0)
FN:42,(anonymous_1)
FN:69,(anonymous_2)
FN:111,(anonymous_3)
FN:123,(anonymous_4)
FN:149,(anonymous_5)
FN:165,(anonymous_6)
FN:185,(anonymous_7)
FN:206,(anonymous_8)
FN:222,(anonymous_9)
FN:252,(anonymous_10)
FN:268,(anonymous_11)
FNF:12
FNH:0
FNDA:0,(anonymous_0)
FNDA:0,(anonymous_1)
FNDA:0,(anonymous_2)
FNDA:0,(anonymous_3)
FNDA:0,(anonymous_4)
FNDA:0,(anonymous_5)
FNDA:0,(anonymous_6)
FNDA:0,(anonymous_7)
FNDA:0,(anonymous_8)
FNDA:0,(anonymous_9)
FNDA:0,(anonymous_10)
FNDA:0,(anonymous_11)
DA:26,0
DA:27,0
DA:42,0
DA:43,0
DA:69,0
DA:70,0
DA:111,0
DA:112,0
DA:123,0
DA:124,0
DA:149,0
DA:150,0
DA:165,0
DA:166,0
DA:185,0
DA:186,0
DA:206,0
DA:207,0
DA:222,0
DA:223,0
DA:252,0
DA:253,0
DA:268,0
DA:269,0
LF:24
LH:0
BRDA:69,0,0,0
BRF:1
BRH:0
end_of_record
TN:
SF:packages/components/features/tanstack-form/components/ui/field.tsx
FN:56,(anonymous_0)
FN:90,(anonymous_1)
FN:113,(anonymous_2)
FN:140,(anonymous_3)
FN:156,(anonymous_4)
FN:172,(anonymous_5)
FN:185,(anonymous_6)
FN:214,(anonymous_7)
FN:233,(anonymous_8)
FN:267,(anonymous_9)
FN:303,(anonymous_10)
FN:332,(anonymous_11)
FN:359,(anonymous_12)
FN:360,(anonymous_13)
FN:361,(anonymous_14)
FN:381,(anonymous_15)
FNF:16
FNH:12
FNDA:0,(anonymous_0)
FNDA:0,(anonymous_1)
FNDA:150,(anonymous_2)
FNDA:177,(anonymous_3)
FNDA:177,(anonymous_4)
FNDA:142,(anonymous_5)
FNDA:169,(anonymous_6)
FNDA:29,(anonymous_7)
FNDA:55,(anonymous_8)
FNDA:62,(anonymous_9)
FNDA:0,(anonymous_10)
FNDA:62,(anonymous_11)
FNDA:83,(anonymous_12)
FNDA:83,(anonymous_13)
FNDA:0,(anonymous_14)
FNDA:3,(anonymous_15)
DA:1,9
DA:15,9
DA:56,9
DA:57,0
DA:65,9
DA:90,9
DA:91,0
DA:100,9
DA:113,9
DA:114,150
DA:127,9
DA:140,9
DA:141,177
DA:143,9
DA:156,9
DA:157,177
DA:159,9
DA:172,9
DA:173,142
DA:175,9
DA:185,9
DA:186,169
DA:204,9
DA:214,9
DA:215,29
DA:223,9
DA:233,9
DA:234,55
DA:246,9
DA:267,9
DA:268,62
DA:269,1
DA:283,9
DA:303,9
DA:304,0
DA:322,9
DA:332,9
DA:333,62
DA:349,9
DA:359,9
DA:360,83
DA:361,83
DA:363,83
DA:364,0
DA:367,83
DA:368,0
DA:371,83
DA:372,0
DA:379,83
DA:382,3
DA:383,0
DA:384,0
DA:390,83
DA:391,0
DA:394,83
DA:400,9
LF:56
LH:47
BRDA:90,0,0,0
BRDA:140,1,0,177
BRDA:267,2,0,62
BRDA:268,3,0,61
BRDA:268,3,1,1
BRDA:341,4,0,62
BRDA:341,4,1,0
BRDA:359,5,0,83
BRDA:361,6,0,0
BRDA:361,6,1,0
BRDA:363,7,0,0
BRDA:363,7,1,83
BRDA:367,8,0,0
BRDA:367,8,1,83
BRDA:371,9,0,0
BRDA:371,9,1,83
BRDA:371,10,0,83
BRDA:371,10,1,3
BRDA:382,11,0,3
BRDA:382,11,1,0
BRDA:383,12,0,0
BRDA:383,12,1,0
BRDA:384,13,0,0
BRDA:384,13,1,0
BRDA:390,14,0,0
BRDA:390,14,1,83
BRF:26
BRH:13
end_of_record
TN:
SF:packages/components/features/tanstack-form/components/ui/label.tsx
FN:15,Label
FNF:1
FNH:1
FNDA:169,Label
DA:1,9
DA:16,169
LF:2
LH:2
BRF:0
BRH:0
end_of_record
TN:
SF:packages/components/features/tanstack-form/components/ui/separator.tsx
FN:15,Separator
FNF:1
FNH:0
FNDA:0,Separator
DA:1,9
DA:16,0
LF:2
LH:1
BRDA:15,0,0,0
BRDA:15,1,0,0
BRF:2
BRH:0
end_of_record
TN:
SF:packages/components/features/tanstack-form/components/ui/submit-button.tsx
FN:30,(anonymous_0)
FNF:1
FNH:0
FNDA:0,(anonymous_0)
DA:1,9
DA:30,9
DA:31,0
LF:3
LH:2
BRDA:30,0,0,0
BRDA:35,1,0,0
BRDA:35,1,1,0
BRF:3
BRH:0
end_of_record
TN:
SF:packages/components/features/tanstack-form/components/ui/switch.tsx
FN:15,Switch
FNF:1
FNH:1
FNDA:8,Switch
DA:1,9
DA:16,8
LF:2
LH:2
BRF:0
BRH:0
end_of_record
TN:
SF:packages/components/features/text-editor/index.tsx
FNF:0
FNH:0
DA:1,0
LF:1
LH:0
BRF:0
BRH:0
end_of_record
TN:
SF:packages/components/features/text-editor/link-dialog.tsx
FN:18,LinkDialog
FN:24,(anonymous_1)
FN:27,(anonymous_2)
FN:38,(anonymous_3)
FN:45,(anonymous_4)
FN:50,(anonymous_5)
FN:74,(anonymous_6)
FNF:7
FNH:0
FNDA:0,LinkDialog
FNDA:0,(anonymous_1)
FNDA:0,(anonymous_2)
FNDA:0,(anonymous_3)
FNDA:0,(anonymous_4)
FNDA:0,(anonymous_5)
FNDA:0,(anonymous_6)
DA:1,0
DA:19,0
DA:20,0
DA:22,0
DA:24,0
DA:27,0
DA:29,0
DA:30,0
DA:31,0
DA:33,0
DA:38,0
DA:39,0
DA:40,0
DA:41,0
DA:42,0
DA:45,0
DA:46,0
DA:47,0
DA:50,0
DA:51,0
DA:52,0
DA:53,0
DA:55,0
DA:56,0
DA:60,0
DA:74,0
LF:26
LH:0
BRDA:29,0,0,0
BRDA:29,0,1,0
BRDA:30,1,0,0
BRDA:30,1,1,0
BRDA:40,2,0,0
BRDA:40,2,1,0
BRDA:51,3,0,0
BRDA:51,3,1,0
BRDA:55,4,0,0
BRDA:55,4,1,0
BRDA:68,5,0,0
BRDA:68,5,1,0
BRDA:96,6,0,0
BRDA:96,6,1,0
BRF:14
BRH:0
end_of_record
TN:
SF:packages/components/features/text-editor/text-editor.tsx
FN:49,TextEditor
FN:73,(anonymous_1)
FN:107,(anonymous_2)
FN:116,(anonymous_3)
FN:122,(anonymous_4)
FN:129,(anonymous_5)
FN:137,(anonymous_6)
FN:165,(anonymous_7)
FN:168,(anonymous_8)
FN:171,(anonymous_9)
FN:174,(anonymous_10)
FNF:11
FNH:0
FNDA:0,TextEditor
FNDA:0,(anonymous_1)
FNDA:0,(anonymous_2)
FNDA:0,(anonymous_3)
FNDA:0,(anonymous_4)
FNDA:0,(anonymous_5)
FNDA:0,(anonymous_6)
FNDA:0,(anonymous_7)
FNDA:0,(anonymous_8)
FNDA:0,(anonymous_9)
FNDA:0,(anonymous_10)
DA:1,0
DA:70,0
DA:71,0
DA:73,0
DA:74,0
DA:82,0
DA:83,0
DA:84,0
DA:86,0
DA:87,0
DA:89,0
DA:90,0
DA:92,0
DA:93,0
DA:95,0
DA:96,0
DA:99,0
DA:103,0
DA:108,0
DA:109,0
DA:110,0
DA:111,0
DA:116,0
DA:117,0
DA:118,0
DA:119,0
DA:122,0
DA:123,0
DA:124,0
DA:127,0
DA:130,0
DA:131,0
DA:135,0
DA:138,0
DA:139,0
DA:143,0
DA:144,0
DA:146,0
DA:165,0
DA:168,0
DA:171,0
DA:174,0
LF:42
LH:0
BRDA:53,0,0,0
BRDA:54,1,0,0
BRDA:55,2,0,0
BRDA:70,3,0,0
BRDA:70,3,1,0
BRDA:70,3,2,0
BRDA:71,4,0,0
BRDA:71,4,1,0
BRDA:82,5,0,0
BRDA:82,5,1,0
BRDA:83,6,0,0
BRDA:83,6,1,0
BRDA:86,7,0,0
BRDA:86,7,1,0
BRDA:89,8,0,0
BRDA:89,8,1,0
BRDA:92,9,0,0
BRDA:92,9,1,0
BRDA:95,10,0,0
BRDA:95,10,1,0
BRDA:105,11,0,0
BRDA:105,11,1,0
BRDA:109,12,0,0
BRDA:109,12,1,0
BRDA:117,13,0,0
BRDA:117,13,1,0
BRDA:117,14,0,0
BRDA:117,14,1,0
BRDA:118,15,0,0
BRDA:118,15,1,0
BRDA:123,16,0,0
BRDA:123,16,1,0
BRDA:131,17,0,0
BRDA:131,17,1,0
BRDA:139,18,0,0
BRDA:139,18,1,0
BRDA:143,19,0,0
BRDA:143,19,1,0
BRDA:144,20,0,0
BRDA:144,20,1,0
BRDA:148,21,0,0
BRDA:148,21,1,0
BRDA:148,21,2,0
BRDA:148,21,3,0
BRDA:159,22,0,0
BRDA:159,22,1,0
BRDA:159,22,2,0
BRDA:159,22,3,0
BRDA:177,23,0,0
BRDA:177,23,1,0
BRDA:188,24,0,0
BRDA:188,24,1,0
BRDA:188,24,2,0
BRDA:194,25,0,0
BRDA:194,25,1,0
BRDA:196,26,0,0
BRDA:196,26,1,0
BRF:57
BRH:0
end_of_record
TN:
SF:packages/components/features/text-editor/toolbar-primitives.tsx
FN:9,ToolbarButton
FN:29,ToolbarDivider
FNF:2
FNH:0
FNDA:0,ToolbarButton
FNDA:0,ToolbarDivider
DA:1,0
DA:10,0
DA:30,0
LF:3
LH:0
BRDA:14,0,0,0
BRDA:14,0,1,0
BRDA:19,1,0,0
BRDA:19,1,1,0
BRF:4
BRH:0
end_of_record
TN:
SF:packages/components/features/text-editor/toolbar.tsx
FN:70,TextEditorToolbar
FN:73,(anonymous_1)
FN:77,(anonymous_2)
FN:81,(anonymous_3)
FN:85,(anonymous_4)
FN:89,(anonymous_5)
FN:93,(anonymous_6)
FN:97,(anonymous_7)
FN:101,(anonymous_8)
FN:105,(anonymous_9)
FN:109,(anonymous_10)
FN:113,(anonymous_11)
FN:117,(anonymous_12)
FN:121,(anonymous_13)
FN:125,(anonymous_14)
FN:129,(anonymous_15)
FN:133,(anonymous_16)
FN:137,(anonymous_17)
FN:145,(anonymous_18)
FN:148,(anonymous_19)
FN:172,(anonymous_20)
FN:175,(anonymous_21)
FN:178,(anonymous_22)
FN:181,(anonymous_23)
FN:190,(anonymous_24)
FN:193,(anonymous_25)
FN:196,(anonymous_26)
[...]
DA:132,0
DA:137,0
LF:13
LH:0
BRDA:66,0,0,0
BRDA:67,1,0,0
BRDA:68,2,0,0
BRDA:71,3,0,0
BRDA:71,3,1,0
BRDA:96,4,0,0
BRF:6
BRH:0
end_of_record
TN:
SF:packages/components/ui/label.tsx
FN:19,Label
FNF:1
FNH:1
FNDA:6,Label
DA:1,10
DA:20,6
LF:2
LH:2
BRF:0
BRH:0
end_of_record
TN:
SF:packages/components/ui/menubar.tsx
FN:30,Menubar
FN:41,MenubarMenu
FN:46,MenubarGroup
FN:51,MenubarPortal
FN:56,MenubarRadioGroup
FN:61,MenubarTrigger
FN:75,MenubarContent
FN:99,MenubarItem
FN:123,MenubarCheckboxItem
FN:145,MenubarRadioItem
FN:170,MenubarLabel
FN:188,MenubarSeparator
FN:193,MenubarShortcut
FN:198,MenubarSub
FN:207,MenubarSubTrigger
FN:232,MenubarSubContent
FNF:16
FNH:0
FNDA:0,Menubar
FNDA:0,MenubarMenu
FNDA:0,MenubarGroup
FNDA:0,MenubarPortal
FNDA:0,MenubarRadioGroup
FNDA:0,MenubarTrigger
FNDA:0,MenubarContent
FNDA:0,MenubarItem
FNDA:0,MenubarCheckboxItem
FNDA:0,MenubarRadioItem
FNDA:0,MenubarLabel
FNDA:0,MenubarSeparator
FNDA:0,MenubarShortcut
FNDA:0,MenubarSub
FNDA:0,MenubarSubTrigger
FNDA:0,MenubarSubContent
DA:1,0
DA:31,0
DA:42,0
DA:47,0
DA:52,0
DA:57,0
DA:62,0
DA:76,0
DA:108,0
DA:124,0
DA:146,0
DA:177,0
DA:189,0
DA:194,0
DA:199,0
DA:215,0
DA:233,0
LF:17
LH:0
BRDA:75,0,0,0
BRDA:75,1,0,0
BRDA:75,2,0,0
BRDA:102,3,0,0
BRF:4
BRH:0
end_of_record
TN:
SF:packages/components/ui/multi-select.tsx
FN:108,useDebounce
FN:111,(anonymous_1)
FN:112,(anonymous_2)
FN:114,(anonymous_3)
FN:122,transToGroupOption
FN:133,(anonymous_5)
FN:143,removePickedOption
FN:147,(anonymous_7)
FN:147,(anonymous_8)
FN:152,isOptionsExist
FN:154,(anonymous_10)
FN:154,(anonymous_11)
FN:167,(anonymous_12)
FN:168,(anonymous_13)
FN:196,(anonymous_14)
FN:240,(anonymous_15)
FN:244,(anonymous_16)
FN:245,(anonymous_17)
FN:250,(anonymous_18)
FN:257,(anonymous_19)
FN:259,(anonymous_20)
FN:266,(anonymous_21)
FN:289,(anonymous_22)
FN:298,(anonymous_23)
FN:305,(anonymous_24)
FN:311,(anonymous_25)
FN:322,(anonymous_26)
FN:325,(anonymous_27)
FN:330,(anonymous_28)
FN:346,(anonymous_29)
FN:349,(anonymous_30)
FN:356,(anonymous_31)
FN:372,(anonymous_32)
FN:374,(anonymous_33)
FN:382,(anonymous_34)
FN:386,(anonymous_35)
FN:414,(anonymous_36)
FN:429,(anonymous_37)
FN:432,(anonymous_38)
FN:438,(anonymous_39)
FN:450,(anonymous_40)
FN:472,(anonymous_41)
FN:478,(anonymous_42)
FN:508,(anonymous_43)
FN:512,(anonymous_44)
FN:516,(anonymous_45)
FN:530,(anonymous_46)
FN:534,(anonymous_47)
FN:540,(anonymous_48)
FN:561,(anonymous_49)
FN:562,(anonymous_50)
FN:563,(anonymous_51)
FN:596,(anonymous_52)
FN:599,(anonymous_53)
FN:602,(anonymous_54)
FN:624,(anonymous_55)
FN:626,(anonymous_56)
FN:632,(anonymous_57)
FN:636,(anonymous_58)
FNF:59
FNH:0
FNDA:0,useDebounce
FNDA:0,(anonymous_1)
FNDA:0,(anonymous_2)
FNDA:0,(anonymous_3)
FNDA:0,transToGroupOption
FNDA:0,(anonymous_5)
FNDA:0,removePickedOption
FNDA:0,(anonymous_7)
FNDA:0,(anonymous_8)
FNDA:0,isOptionsExist
FNDA:0,(anonymous_10)
FNDA:0,(anonymous_11)
FNDA:0,(anonymous_12)
FNDA:0,(anonymous_13)
FNDA:0,(anonymous_14)
FNDA:0,(anonymous_15)
FNDA:0,(anonymous_16)
FNDA:0,(anonymous_17)
FNDA:0,(anonymous_18)
FNDA:0,(anonymous_19)
FNDA:0,(anonymous_20)
FNDA:0,(anonymous_21)
FNDA:0,(anonymous_22)
FNDA:0,(anonymous_23)
FNDA:0,(anonymous_24)
FNDA:0,(anonymous_25)
FNDA:0,(anonymous_26)
FNDA:0,(anonymous_27)
FNDA:0,(anonymous_28)
FNDA:0,(anonymous_29)
FNDA:0,(anonymous_30)
FNDA:0,(anonymous_31)
FNDA:0,(anonymous_32)
FNDA:0,(anonymous_33)
FNDA:0,(anonymous_34)
FNDA:0,(anonymous_35)
FNDA:0,(anonymous_36)
FNDA:0,(anonymous_37)
FNDA:0,(anonymous_38)
FNDA:0,(anonymous_39)
FNDA:0,(anonymous_40)
FNDA:0,(anonymous_41)
FNDA:0,(anonymous_42)
FNDA:0,(anonymous_43)
FNDA:0,(anonymous_44)
FNDA:0,(anonymous_45)
FNDA:0,(anonymous_46)
FNDA:0,(anonymous_47)
FNDA:0,(anonymous_48)
FNDA:0,(anonymous_49)
FNDA:0,(anonymous_50)
FNDA:0,(anonymous_51)
FNDA:0,(anonymous_52)
FNDA:0,(anonymous_53)
FNDA:0,(anonymous_54)
FNDA:0,(anonymous_55)
FNDA:0,(anonymous_56)
FNDA:0,(anonymous_57)
FNDA:0,(anonymous_58)
DA:1,0
DA:109,0
DA:111,0
DA:112,0
DA:114,0
DA:115,0
DA:119,0
DA:123,0
DA:124,0
DA:126,0
DA:127,0
DA:132,0
DA:133,0
DA:134,0
DA:135,0
DA:136,0
DA:138,0
DA:140,0
DA:144,0
DA:146,0
DA:147,0
DA:149,0
DA:153,0
DA:154,0
DA:155,0
DA:158,0
DA:167,0
DA:168,0
DA:170,0
DA:172,0
DA:175,0
DA:196,0
DA:226,0
DA:227,0
DA:229,0
DA:230,0
DA:231,0
DA:233,0
DA:234,0
DA:235,0
DA:237,0
DA:239,0
DA:241,0
DA:244,0
DA:245,0
DA:250,0
DA:251,0
DA:252,0
DA:253,0
DA:257,0
DA:259,0
DA:260,0
DA:261,0
DA:266,0
DA:268,0
DA:269,0
DA:271,0
DA:272,0
DA:273,0
DA:275,0
DA:276,0
DA:282,0
DA:283,0
DA:289,0
DA:290,0
DA:291,0
DA:292,0
DA:294,0
DA:295,0
DA:298,0
DA:299,0
DA:300,0
DA:305,0
DA:306,0
DA:307,0
DA:311,0
DA:313,0
DA:314,0
DA:316,0
DA:317,0
DA:318,0
DA:322,0
DA:325,0
DA:326,0
DA:327,0
DA:330,0
DA:331,0
DA:333,0
DA:334,0
DA:337,0
DA:338,0
DA:342,0
DA:346,0
DA:349,0
DA:350,0
DA:351,0
DA:352,0
DA:353,0
DA:356,0
DA:357,0
DA:359,0
DA:360,0
DA:363,0
DA:364,0
DA:368,0
DA:372,0
DA:373,0
DA:374,0
DA:375,0
DA:379,0
DA:383,0
DA:384,0
DA:387,0
DA:388,0
DA:389,0
DA:391,0
DA:392,0
DA:393,0
DA:394,0
DA:402,0
DA:403,0
DA:407,0
DA:408,0
DA:411,0
DA:414,0
DA:415,0
DA:418,0
DA:419,0
DA:426,0
DA:429,0
DA:432,0
DA:433,0
DA:434,0
DA:437,0
DA:438,0
DA:439,0
DA:443,0
DA:446,0
DA:451,0
DA:452,0
DA:473,0
DA:474,0
DA:479,0
DA:509,0
DA:510,0
DA:513,0
DA:514,0
DA:516,0
DA:531,0
DA:532,0
DA:535,0
DA:536,0
DA:538,0
DA:541,0
DA:542,0
DA:543,0
DA:545,0
DA:562,0
DA:563,0
DA:597,0
DA:600,0
DA:603,0
DA:625,0
DA:627,0
DA:633,0
DA:634,0
DA:637,0
DA:638,0
DA:639,0
DA:641,0
DA:642,0
DA:643,0
DA:644,0
DA:665,0
LF:174
LH:0
BRDA:112,0,0,0
BRDA:112,0,1,0
BRDA:123,1,0,0
BRDA:123,1,1,0
BRDA:126,2,0,0
BRDA:126,2,1,0
BRDA:134,3,0,0
BRDA:134,3,1,0
BRDA:135,4,0,0
BRDA:135,4,1,0
BRDA:154,5,0,0
BRDA:154,5,1,0
BRDA:170,6,0,0
BRDA:170,6,1,0
BRDA:202,7,0,0
BRDA:209,8,0,0
BRDA:216,9,0,0
BRDA:217,10,0,0
BRDA:218,11,0,0
BRDA:221,12,0,0
BRDA:233,13,0,0
BRDA:233,13,1,0
BRDA:237,14,0,0
BRDA:237,14,1,0
BRDA:251,15,0,0
BRDA:251,15,1,0
BRDA:251,16,0,0
BRDA:251,16,1,0
BRDA:251,16,2,0
BRDA:251,16,3,0
BRDA:269,17,0,0
BRDA:269,17,1,0
BRDA:271,18,0,0
BRDA:271,18,1,0
BRDA:271,19,0,0
BRDA:271,19,1,0
BRDA:272,20,0,0
BRDA:272,20,1,0
BRDA:272,21,0,0
BRDA:272,21,1,0
BRDA:275,22,0,0
BRDA:275,22,1,0
BRDA:282,23,0,0
BRDA:282,23,1,0
BRDA:290,24,0,0
BRDA:290,24,1,0
BRDA:306,25,0,0
BRDA:306,25,1,0
BRDA:313,26,0,0
BRDA:313,26,1,0
BRDA:313,27,0,0
BRDA:313,27,1,0
BRDA:316,28,0,0
BRDA:316,28,1,0
BRDA:317,29,0,0
BRDA:317,29,1,0
BRDA:327,30,0,0
BRDA:327,30,1,0
BRDA:331,31,0,0
BRDA:331,31,1,0
BRDA:331,32,0,0
BRDA:331,32,1,0
BRDA:333,33,0,0
BRDA:333,33,1,0
BRDA:337,34,0,0
BRDA:337,34,1,0
BRDA:352,35,0,0
BRDA:352,35,1,0
BRDA:357,36,0,0
BRDA:357,36,1,0
BRDA:357,37,0,0
BRDA:357,37,1,0
BRDA:359,38,0,0
BRDA:359,38,1,0
BRDA:363,39,0,0
BRDA:363,39,1,0
BRDA:373,40,0,0
BRDA:373,40,1,0
BRDA:374,41,0,0
BRDA:374,41,1,0
BRDA:374,42,0,0
BRDA:374,42,1,0
BRDA:387,43,0,0
BRDA:387,43,1,0
BRDA:402,44,0,0
BRDA:402,44,1,0
BRDA:402,45,0,0
BRDA:402,45,1,0
BRDA:407,46,0,0
BRDA:407,46,1,0
BRDA:407,47,0,0
BRDA:407,47,1,0
BRDA:407,47,2,0
BRDA:415,48,0,0
BRDA:415,48,1,0
BRDA:418,49,0,0
BRDA:418,49,1,0
BRDA:418,50,0,0
BRDA:418,50,1,0
BRDA:418,50,2,0
BRDA:433,51,0,0
BRDA:433,51,1,0
BRDA:437,52,0,0
BRDA:437,52,1,0
BRDA:439,53,0,0
BRDA:439,53,1,0
BRDA:455,54,0,0
BRDA:455,54,1,0
BRDA:467,55,0,0
BRDA:467,55,1,0
BRDA:468,56,0,0
BRDA:468,56,1,0
BRDA:468,56,2,0
BRDA:469,57,0,0
BRDA:469,57,1,0
BRDA:473,58,0,0
BRDA:473,58,1,0
BRDA:494,59,0,0
BRDA:494,59,1,0
BRDA:499,60,0,0
BRDA:499,60,1,0
BRDA:509,61,0,0
BRDA:509,61,1,0
BRDA:535,62,0,0
BRDA:535,62,1,0
BRDA:542,63,0,0
BRDA:542,63,1,0
BRDA:547,64,0,0
BRDA:547,64,1,0
BRDA:547,65,0,0
BRDA:547,65,1,0
BRDA:570,66,0,0
BRDA:570,66,1,0
BRDA:570,66,2,0
BRDA:570,66,3,0
BRDA:570,66,4,0
BRDA:589,67,0,0
BRDA:589,67,1,0
BRDA:591,68,0,0
BRDA:591,68,1,0
BRDA:593,69,0,0
BRDA:593,69,1,0
BRDA:606,70,0,0
BRDA:606,70,1,0
BRDA:617,71,0,0
BRDA:617,71,1,0
BRDA:623,72,0,0
BRDA:623,72,1,0
BRDA:637,73,0,0
BRDA:637,73,1,0
BRDA:646,74,0,0
BRDA:646,74,1,0
BRF:152
BRH:0
end_of_record
TN:
SF:packages/components/ui/navigation-menu.tsx
FN:31,NavigationMenu
FN:54,NavigationMenuList
FN:65,NavigationMenuItem
FN:88,NavigationMenuTrigger
FN:97,NavigationMenuContent
FN:112,NavigationMenuViewport
FN:128,NavigationMenuLink
FN:155,NavigationMenuIndicator
FNF:8
FNH:0
FNDA:0,NavigationMenu
FNDA:0,NavigationMenuList
FNDA:0,NavigationMenuItem
FNDA:0,NavigationMenuTrigger
FNDA:0,NavigationMenuContent
FNDA:0,NavigationMenuViewport
FNDA:0,NavigationMenuLink
FNDA:0,NavigationMenuIndicator
DA:1,0
DA:40,0
DA:55,0
DA:66,0
DA:69,0
DA:89,0
DA:98,0
DA:113,0
DA:129,0
DA:156,0
LF:10
LH:0
BRDA:34,0,0,0
BRDA:48,1,0,0
BRDA:48,1,1,0
BRF:3
BRH:0
end_of_record
TN:
SF:packages/components/ui/pagination.tsx
FN:30,Pagination
FN:35,PaginationContent
FN:40,PaginationItem
FN:51,PaginationLink
FN:70,PaginationPrevious
FN:80,PaginationNext
FN:90,PaginationEllipsis
FNF:7
FNH:0
FNDA:0,Pagination
FNDA:0,PaginationContent
FNDA:0,PaginationItem
FNDA:0,PaginationLink
FNDA:0,PaginationPrevious
FNDA:0,PaginationNext
FNDA:0,PaginationEllipsis
DA:1,0
DA:31,0
DA:36,0
DA:41,0
DA:52,0
DA:71,0
DA:81,0
DA:91,0
LF:8
LH:0
BRDA:51,0,0,0
BRDA:54,1,0,0
BRDA:54,1,1,0
BRDA:59,2,0,0
BRDA:59,2,1,0
BRF:5
BRH:0
end_of_record
TN:
SF:packages/components/ui/popover.tsx
FN:29,Popover
FN:34,PopoverTrigger
FN:39,PopoverContent
FN:76,PopoverAnchor
FN:81,PopoverClose
FNF:5
FNH:0
FNDA:0,Popover
FNDA:0,PopoverTrigger
FNDA:0,PopoverContent
FNDA:0,PopoverAnchor
FNDA:0,PopoverClose
DA:1,9
DA:30,0
DA:35,0
DA:40,0
DA:77,0
DA:82,0
LF:6
LH:1
BRDA:39,0,0,0
BRDA:39,1,0,0
BRF:2
BRH:0
end_of_record
TN:
SF:packages/components/ui/progress.tsx
FN:16,Progress
FNF:1
FNH:1
FNDA:6,Progress
DA:1,1
DA:17,6
LF:2
LH:2
BRDA:22,0,0,6
BRDA:22,0,1,1
BRF:2
BRH:2
end_of_record
TN:
SF:packages/components/ui/radio-group.tsx
FN:29,RadioGroup
FN:34,RadioGroupItem
FNF:2
FNH:2
FNDA:9,RadioGroup
FNDA:27,RadioGroupItem
DA:1,9
DA:30,9
DA:35,27
LF:3
LH:3
BRF:0
BRH:0
end_of_record
TN:
SF:packages/components/ui/resizable.tsx
FN:33,(anonymous_0)
FN:45,(anonymous_1)
FN:55,(anonymous_2)
FNF:3
FNH:0
FNDA:0,(anonymous_0)
FNDA:0,(anonymous_1)
FNDA:0,(anonymous_2)
DA:1,0
DA:33,0
DA:34,0
DA:42,0
DA:45,0
DA:46,0
DA:48,0
DA:55,0
DA:56,0
DA:73,0
LF:10
LH:0
BRDA:65,0,0,0
BRDA:65,0,1,0
BRF:2
BRH:0
end_of_record
TN:
SF:packages/components/ui/scroll-area.tsx
FN:20,(anonymous_0)
FN:38,(anonymous_1)
FNF:2
FNH:0
FNDA:0,(anonymous_0)
FNDA:0,(anonymous_1)
DA:1,0
DA:20,0
DA:21,0
DA:31,0
DA:38,0
DA:39,0
DA:55,0
LF:7
LH:0
BRDA:38,0,0,0
BRDA:45,1,0,0
BRDA:45,1,1,0
BRDA:46,2,0,0
BRDA:46,2,1,0
BRF:5
BRH:0
end_of_record
TN:
SF:packages/components/ui/select.tsx
FN:30,Select
FN:35,SelectGroup
FN:40,SelectValue
FN:49,SelectTrigger
FN:125,SelectContent
FN:173,SelectLabel
FN:178,SelectItem
FN:218,SelectSeparator
FNF:8
FNH:0
FNDA:0,Select
FNDA:0,SelectGroup
FNDA:0,SelectValue
FNDA:0,SelectTrigger
FNDA:0,SelectContent
FNDA:0,SelectLabel
FNDA:0,SelectItem
FNDA:0,SelectSeparator
DA:1,9
DA:31,0
DA:36,0
DA:41,0
DA:58,0
DA:126,0
DA:174,0
DA:179,0
DA:219,0
LF:9
LH:1
BRDA:51,0,0,0
BRDA:125,1,0,0
BRDA:148,2,0,0
BRDA:148,2,1,0
BRDA:149,3,0,0
BRDA:149,3,1,0
BRDA:150,4,0,0
BRDA:150,4,1,0
BRDA:151,5,0,0
BRDA:151,5,1,0
BRDA:160,6,0,0
BRDA:160,6,1,0
BRDA:161,7,0,0
BRDA:161,7,1,0
BRDA:162,8,0,0
BRDA:162,8,1,0
BRF:16
BRH:0
end_of_record
TN:
SF:packages/components/ui/separator.tsx
FN:26,Separator
FNF:1
FNH:1
FNDA:68,Separator
DA:1,10
DA:27,68
LF:2
LH:2
BRDA:26,0,0,68
BRDA:26,1,0,68
BRF:2
BRH:2
end_of_record
TN:
SF:packages/components/ui/sheet.tsx
FN:27,Sheet
FN:32,SheetTrigger
FN:37,SheetClose
FN:42,SheetPortal
FN:47,SheetOverlay
FN:67,SheetContent
FN:132,SheetHeader
FN:137,SheetFooter
FN:142,SheetTitle
FN:147,SheetDescription
FNF:10
FNH:0
FNDA:0,Sheet
FNDA:0,SheetTrigger
FNDA:0,SheetClose
FNDA:0,SheetPortal
FNDA:0,SheetOverlay
FNDA:0,SheetContent
FNDA:0,SheetHeader
FNDA:0,SheetFooter
FNDA:0,SheetTitle
FNDA:0,SheetDescription
DA:1,0
DA:28,0
DA:33,0
DA:38,0
DA:43,0
DA:48,0
DA:76,0
DA:133,0
DA:138,0
DA:143,0
DA:148,0
LF:11
LH:0
BRDA:70,0,0,0
BRDA:90,1,0,0
BRDA:90,1,1,0
BRDA:91,2,0,0
BRDA:91,2,1,0
BRDA:92,3,0,0
BRDA:92,3,1,0
BRDA:94,4,0,0
BRDA:94,4,1,0
BRDA:95,5,0,0
BRDA:95,5,1,0
BRDA:96,6,0,0
BRDA:96,6,1,0
BRDA:98,7,0,0
BRDA:98,7,1,0
BRDA:99,8,0,0
BRDA:99,8,1,0
BRDA:100,9,0,0
BRDA:100,9,1,0
BRDA:102,10,0,0
BRDA:102,10,1,0
BRDA:103,11,0,0
BRDA:103,11,1,0
BRDA:104,12,0,0
BRDA:104,12,1,0
BRF:25
BRH:0
end_of_record
TN:
SF:packages/components/ui/skeleton.tsx
FN:21,Skeleton
FNF:1
FNH:0
FNDA:0,Skeleton
DA:1,0
DA:22,0
LF:2
LH:0
BRF:0
BRH:0
end_of_record
TN:
SF:packages/components/ui/slider.tsx
FN:17,Slider
FN:18,(anonymous_1)
FN:49,(anonymous_2)
FNF:3
FNH:0
FNDA:0,Slider
FNDA:0,(anonymous_1)
FNDA:0,(anonymous_2)
DA:1,0
DA:18,0
DA:20,0
DA:50,0
LF:4
LH:0
BRDA:17,0,0,0
BRDA:17,1,0,0
BRDA:18,2,0,0
BRDA:18,2,1,0
BRDA:18,3,0,0
BRDA:18,3,1,0
BRF:6
BRH:0
end_of_record
TN:
SF:packages/components/ui/sonner.tsx
FN:21,(anonymous_0)
FNF:1
FNH:0
FNDA:0,(anonymous_0)
DA:1,0
DA:21,0
DA:22,0
DA:24,0
LF:4
LH:0
BRDA:22,0,0,0
BRF:1
BRH:0
end_of_record
TN:
SF:packages/components/ui/spinner.tsx
FN:19,Spinner
FNF:1
FNH:1
FNDA:4,Spinner
DA:20,4
LF:1
LH:1
BRF:0
BRH:0
end_of_record
TN:
SF:packages/components/ui/switch.tsx
FN:21,Switch
FNF:1
FNH:1
FNDA:6,Switch
DA:1,10
DA:22,6
LF:2
LH:2
BRF:0
BRH:0
end_of_record
TN:
SF:packages/components/ui/table.tsx
FN:34,(anonymous_0)
FN:40,(anonymous_1)
FN:46,(anonymous_2)
FN:67,(anonymous_3)
FN:73,(anonymous_4)
FN:79,(anonymous_5)
FN:97,(anonymous_6)
FN:103,(anonymous_7)
FNF:8
FNH:0
FNDA:0,(anonymous_0)
FNDA:0,(anonymous_1)
FNDA:0,(anonymous_2)
FNDA:0,(anonymous_3)
FNDA:0,(anonymous_4)
FNDA:0,(anonymous_5)
FNDA:0,(anonymous_6)
FNDA:0,(anonymous_7)
DA:1,0
DA:34,0
DA:35,0
DA:37,0
DA:40,0
DA:41,0
DA:43,0
DA:46,0
DA:47,0
DA:64,0
DA:67,0
DA:68,0
DA:70,0
DA:73,0
DA:74,0
DA:76,0
DA:79,0
DA:80,0
DA:94,0
DA:97,0
DA:98,0
DA:100,0
DA:103,0
DA:104,0
DA:106,0
LF:25
LH:0
BRF:0
BRH:0
end_of_record
TN:
SF:packages/components/ui/tabs.tsx
FN:24,Tabs
FN:29,TabsList
FN:40,TabsTrigger
FN:70,TabsContent
FNF:4
FNH:0
FNDA:0,Tabs
FNDA:0,TabsList
FNDA:0,TabsTrigger
FNDA:0,TabsContent
DA:1,0
DA:25,0
DA:30,0
DA:41,0
DA:71,0
LF:5
LH:0
BRF:0
BRH:0
end_of_record
TN:
SF:packages/components/ui/textarea.tsx
FN:20,Textarea
FN:29,(anonymous_1)
FNF:2
FNH:2
FNDA:31,Textarea
FNDA:21,(anonymous_1)
DA:1,10
DA:29,31
DA:31,21
DA:32,21
DA:36,31
LF:5
LH:5
BRF:0
BRH:0
end_of_record
TN:
SF:packages/components/ui/toggle-group.tsx
FN:29,ToggleGroup
FN:50,ToggleGroupItem
FNF:2
FNH:0
FNDA:0,ToggleGroup
FNDA:0,ToggleGroupItem
DA:1,0
DA:10,0
DA:36,0
DA:57,0
DA:59,0
LF:5
LH:0
BRDA:62,0,0,0
BRDA:62,0,1,0
BRDA:63,1,0,0
BRDA:63,1,1,0
BRDA:66,2,0,0
BRDA:66,2,1,0
BRDA:67,3,0,0
BRDA:67,3,1,0
BRF:8
BRH:0
end_of_record
TN:
SF:packages/components/ui/toggle.tsx
FN:41,Toggle
FNF:1
FNH:0
FNDA:0,Toggle
DA:1,0
DA:7,0
DA:42,0
LF:3
LH:0
BRF:0
BRH:0
end_of_record
TN:
SF:packages/components/ui/tooltip.tsx
FN:20,TooltipProvider
FN:40,Tooltip
FN:49,TooltipTrigger
FN:54,TooltipContent
FNF:4
FNH:0
FNDA:0,TooltipProvider
FNDA:0,Tooltip
FNDA:0,TooltipTrigger
FNDA:0,TooltipContent
DA:1,9
DA:21,0
DA:41,0
DA:50,0
DA:55,0
LF:5
LH:1
BRDA:20,0,0,0
BRDA:54,1,0,0
BRF:2
BRH:0
end_of_record
TN:
SF:packages/components/ui/buttons/add-new.tsx
FN:20,(anonymous_0)
FN:20,(anonymous_1)
FNF:2
FNH:0
FNDA:0,(anonymous_0)
FNDA:0,(anonymous_1)
DA:20,0
DA:21,0
LF:2
LH:0
BRDA:20,0,0,0
BRF:1
BRH:0
end_of_record
TN:
SF:packages/components/ui/buttons/close.tsx
FN:5,(anonymous_0)
FNF:1
FNH:0
FNDA:0,(anonymous_0)
DA:5,9
DA:6,0
LF:2
LH:1
BRF:0
BRH:0
end_of_record
TN:
SF:packages/components/ui/buttons/edit.tsx
FN:18,(anonymous_0)
FNF:1
FNH:0
FNDA:0,(anonymous_0)
DA:18,0
DA:19,0
LF:2
LH:0
BRF:0
BRH:0
end_of_record
TN:
SF:packages/components/ui/buttons/filter.tsx
FN:10,(anonymous_0)
FN:10,(anonymous_1)
FNF:2
FNH:0
FNDA:0,(anonymous_0)
FNDA:0,(anonymous_1)
DA:10,0
DA:11,0
LF:2
LH:0
BRDA:10,0,0,0
BRF:1
BRH:0
end_of_record
TN:
SF:packages/components/ui/buttons/refresh.tsx
FN:20,(anonymous_0)
FN:20,(anonymous_1)
FNF:2
FNH:0
FNDA:0,(anonymous_0)
FNDA:0,(anonymous_1)
DA:20,0
DA:21,0
LF:2
LH:0
BRDA:20,0,0,0
BRF:1
BRH:0
end_of_record
TN:
SF:packages/components/ui/buttons/trash.tsx
FN:18,(anonymous_0)
FNF:1
FNH:0
FNDA:0,(anonymous_0)
DA:18,0
DA:19,0
LF:2
LH:0
BRF:0
BRH:0
end_of_record
TN:
SF:packages/components/ui/buttons/upload-image.tsx
FN:25,(anonymous_0)
FNF:1
FNH:0
FNDA:0,(anonymous_0)
DA:25,0
DA:26,0
LF:2
LH:0
BRDA:25,0,0,0
BRF:1
BRH:0
end_of_record
TN:
SF:packages/components/ui/inputs/number-input.tsx
FN:8,(anonymous_0)
FN:12,(anonymous_1)
FN:16,(anonymous_2)
FN:166,(anonymous_3)
FN:191,(anonymous_4)
FN:192,(anonymous_5)
FN:193,(anonymous_6)
FN:196,(anonymous_7)
FN:208,(anonymous_8)
FN:223,(anonymous_9)
FN:235,(anonymous_10)
FN:244,(anonymous_11)
FN:272,(anonymous_12)
FN:276,(anonymous_13)
FN:281,(anonymous_14)
FN:285,(anonymous_15)
FN:296,(anonymous_16)
FN:304,(anonymous_17)
FN:308,(anonymous_18)
FNF:19
FNH:7
FNDA:3,(anonymous_0)
FNDA:0,(anonymous_1)
FNDA:0,(anonymous_2)
FNDA:3,(anonymous_3)
FNDA:3,(anonymous_4)
FNDA:3,(anonymous_5)
FNDA:3,(anonymous_6)
FNDA:0,(anonymous_7)
FNDA:0,(anonymous_8)
FNDA:0,(anonymous_9)
FNDA:0,(anonymous_10)
FNDA:0,(anonymous_11)
FNDA:0,(anonymous_12)
FNDA:0,(anonymous_13)
FNDA:0,(anonymous_14)
FNDA:0,(anonymous_15)
FNDA:3,(anonymous_16)
FNDA:0,(anonymous_17)
FNDA:3,(anonymous_18)
DA:1,9
DA:8,9
DA:9,3
DA:12,9
DA:13,0
DA:16,9
DA:17,0
DA:19,0
DA:20,0
DA:22,0
DA:24,0
DA:26,0
DA:28,0
DA:29,0
DA:30,0
DA:33,0
DA:166,9
DA:185,3
DA:186,3
DA:188,3
DA:191,3
DA:192,3
DA:193,3
DA:196,3
DA:198,0
DA:200,0
DA:201,0
DA:202,0
DA:204,0
DA:208,3
DA:210,0
DA:211,0
DA:213,0
DA:214,0
DA:215,0
DA:216,0
DA:217,0
DA:218,0
DA:223,3
DA:226,0
DA:228,0
DA:229,0
DA:230,0
DA:231,0
DA:232,0
DA:234,0
DA:235,0
DA:236,0
DA:237,0
DA:239,0
DA:244,3
DA:247,0
DA:250,0
DA:253,0
DA:254,0
DA:255,0
DA:256,0
DA:260,0
DA:263,0
DA:265,0
DA:266,0
DA:267,0
DA:272,3
DA:274,0
DA:275,0
DA:276,0
DA:281,3
DA:283,0
DA:284,0
DA:285,0
DA:286,0
DA:287,0
DA:288,0
DA:289,0
DA:296,3
DA:297,3
DA:299,3
DA:300,3
DA:301,3
DA:304,0
DA:308,3
DA:309,3
DA:310,0
DA:311,0
DA:314,3
LF:85
LH:26
BRDA:9,0,0,0
BRDA:9,0,1,3
BRDA:17,1,0,0
BRDA:17,1,1,0
BRDA:22,2,0,0
BRDA:22,2,1,0
BRDA:22,2,2,0
BRDA:22,2,3,0
BRDA:28,3,0,0
BRDA:28,3,1,0
BRDA:29,4,0,0
BRDA:29,4,1,0
BRDA:167,5,0,3
BRDA:168,6,0,3
BRDA:169,7,0,3
BRDA:170,8,0,3
BRDA:171,9,0,3
BRDA:172,10,0,3
BRDA:188,11,0,3
BRDA:188,11,1,3
BRDA:191,12,0,3
BRDA:191,12,1,3
BRDA:192,13,0,3
BRDA:192,13,1,0
BRDA:198,14,0,0
BRDA:198,14,1,0
BRDA:198,15,0,0
BRDA:198,15,1,0
BRDA:200,16,0,0
BRDA:201,17,0,0
BRDA:201,17,1,0
BRDA:204,18,0,0
BRDA:204,18,1,0
BRDA:204,19,0,0
BRDA:204,19,1,0
BRDA:210,20,0,0
BRDA:210,20,1,0
BRDA:211,21,0,0
BRDA:211,21,1,0
BRDA:214,22,0,0
BRDA:214,22,1,0
BRDA:216,23,0,0
BRDA:218,24,0,0
BRDA:218,24,1,0
BRDA:228,25,0,0
BRDA:228,25,1,0
BRDA:228,25,2,0
BRDA:229,26,0,0
BRDA:229,26,1,0
BRDA:234,27,0,0
BRDA:234,27,1,0
BRDA:253,28,0,0
BRDA:253,28,1,0
BRDA:253,29,0,0
BRDA:253,29,1,0
BRDA:263,30,0,0
BRDA:263,30,1,0
BRDA:263,31,0,0
BRDA:263,31,1,0
BRDA:265,32,0,0
BRDA:265,32,1,0
BRDA:274,33,0,0
BRDA:274,33,1,0
BRDA:276,34,0,0
BRDA:276,34,1,0
BRDA:283,35,0,0
BRDA:283,35,1,0
BRDA:286,36,0,0
BRDA:286,36,1,0
BRDA:287,37,0,0
BRDA:287,37,1,0
BRDA:287,37,2,0
BRDA:287,37,3,0
BRDA:288,38,0,0
BRDA:288,38,1,0
BRDA:289,39,0,0
BRDA:289,39,1,0
BRDA:299,40,0,3
BRDA:299,40,1,0
BRDA:299,41,0,3
BRDA:299,41,1,3
BRDA:299,41,2,0
BRDA:299,41,3,0
BRDA:304,42,0,0
BRDA:304,42,1,0
BRDA:309,43,0,3
BRDA:309,43,1,0
BRDA:309,44,0,3
BRDA:309,44,1,0
BRDA:309,44,2,0
BRDA:319,45,0,3
BRDA:319,45,1,3
BRDA:319,46,0,0
BRDA:319,46,1,3
BRDA:323,47,0,3
BRDA:323,47,1,0
BRDA:328,48,0,3
BRDA:328,48,1,0
BRF:98
BRH:22
end_of_record
TN:
SF:packages/components/ui/inputs/password-input.tsx
FN:11,(anonymous_0)
FN:14,(anonymous_1)
FN:14,(anonymous_2)
FNF:3
FNH:0
FNDA:0,(anonymous_0)
FNDA:0,(anonymous_1)
FNDA:0,(anonymous_2)
DA:1,0
DA:11,0
DA:12,0
DA:13,0
DA:14,0
DA:15,0
LF:6
LH:0
BRDA:17,0,0,0
BRDA:17,0,1,0
BRDA:22,1,0,0
BRDA:22,1,1,0
BRDA:26,2,0,0
BRDA:26,2,1,0
BRF:6
BRH:0
end_of_record
TN:
SF:packages/components/ui/inputs/search-input.tsx
FN:25,(anonymous_0)
FNF:1
FNH:0
FNDA:0,(anonymous_0)
DA:25,0
DA:26,0
LF:2
LH:0
BRF:0
BRH:0
end_of_record
